#
# There is insufficient memory for the Java Runtime Environment to continue.
# Native memory allocation (malloc) failed to allocate 807056 bytes for Chunk::new
# Possible reasons:
#   The system is out of physical RAM or swap space
#   The process is running with CompressedOops enabled, and the Java Heap may be blocking the growth of the native heap
# Possible solutions:
#   Reduce memory load on the system
#   Increase physical memory or swap space
#   Check if swap backing store is full
#   Decrease Java heap size (-Xmx/-Xms)
#   Decrease number of Java threads
#   Decrease Java thread stack sizes (-Xss)
#   Set larger code cache with -XX:ReservedCodeCacheSize=
#   JVM is running with Unscaled Compressed Oops mode in which the Java heap is
#     placed in the first 4GB address space. The Java Heap base address is the
#     maximum limit for the native heap growth. Please use -XX:HeapBaseMinAddress
#     to set the Java Heap base and to place the Java Heap above 4GB virtual address.
# This output file may be truncated or incomplete.
#
#  Out of Memory Error (allocation.cpp:389), pid=25972, tid=0x0000000000005880
#
# JRE version: Java(TM) SE Runtime Environment (8.0_281-b09) (build 1.8.0_281-b09)
# Java VM: Java HotSpot(TM) 64-Bit Server VM (25.281-b09 mixed mode windows-amd64 compressed oops)
# Failed to write core dump. Minidumps are not enabled by default on client versions of Windows
#

---------------  T H R E A D  ---------------

Current thread (0x0000025d9c460000):  JavaThread "C2 CompilerThread2" daemon [_thread_in_native, id=22656, stack(0x000000c933000000,0x000000c933100000)]

Stack: [0x000000c933000000,0x000000c933100000]
Native frames: (J=compiled Java code, j=interpreted, Vv=VM code, C=native code)
V  [jvm.dll+0x32e5b9]
V  [jvm.dll+0x275012]
V  [jvm.dll+0x275cbd]
V  [jvm.dll+0x26c6f5]
V  [jvm.dll+0xd51fc]
V  [jvm.dll+0xd59fc]
V  [jvm.dll+0x4523f2]
V  [jvm.dll+0x48d85d]
V  [jvm.dll+0x441d19]
V  [jvm.dll+0x43f664]
V  [jvm.dll+0x42a5e7]
V  [jvm.dll+0xabe9b]
V  [jvm.dll+0xaa4fb]
V  [jvm.dll+0x23d6b2]
V  [jvm.dll+0x291cbc]
C  [ucrtbase.dll+0x20e82]
C  [KERNEL32.DLL+0x17bd4]
C  [ntdll.dll+0x6ce51]


Current CompileTask:
C2:  53938 9359       4       org.gradle.internal.snapshot.AbstractIncompleteSnapshotWithChildren::getSnapshot (15 bytes)


---------------  P R O C E S S  ---------------

Java Threads: ( => current thread )
  0x0000025da3e0d800 JavaThread "Cache worker for execution history cache (D:\localsharing\android\.gradle\6.7\executionHistory)" [_thread_blocked, id=32472, stack(0x000000c93be00000,0x000000c93bf00000)]
  0x0000025da3e0d000 JavaThread "Execution worker for ':' Thread 11" [_thread_blocked, id=32884, stack(0x000000c93bd00000,0x000000c93be00000)]
  0x0000025da3e0f000 JavaThread "Execution worker for ':' Thread 10" [_thread_blocked, id=34636, stack(0x000000c93bc00000,0x000000c93bd00000)]
  0x0000025da3e0a800 JavaThread "Execution worker for ':' Thread 9" [_thread_blocked, id=20624, stack(0x000000c93bb00000,0x000000c93bc00000)]
  0x0000025da3e0a000 JavaThread "Execution worker for ':' Thread 8" [_thread_blocked, id=32456, stack(0x000000c93ba00000,0x000000c93bb00000)]
  0x0000025d9f694800 JavaThread "Execution worker for ':' Thread 7" [_thread_in_native, id=14448, stack(0x000000c93b900000,0x000000c93ba00000)]
  0x0000025da1637000 JavaThread "Execution worker for ':' Thread 6" [_thread_blocked, id=30192, stack(0x000000c93b800000,0x000000c93b900000)]
  0x0000025da163d000 JavaThread "Execution worker for ':' Thread 5" [_thread_blocked, id=19652, stack(0x000000c93b700000,0x000000c93b800000)]
  0x0000025da163b800 JavaThread "Execution worker for ':' Thread 4" [_thread_blocked, id=25852, stack(0x000000c93b600000,0x000000c93b700000)]
  0x0000025da1638800 JavaThread "Execution worker for ':' Thread 3" [_thread_blocked, id=26804, stack(0x000000c93b500000,0x000000c93b600000)]
  0x0000025da0a89000 JavaThread "Execution worker for ':' Thread 2" [_thread_blocked, id=33452, stack(0x000000c93b400000,0x000000c93b500000)]
  0x0000025da0a89800 JavaThread "Execution worker for ':'" [_thread_blocked, id=34008, stack(0x000000c93b300000,0x000000c93b400000)]
  0x0000025da0a80000 JavaThread "Build operations Thread 12" [_thread_blocked, id=19996, stack(0x000000c935600000,0x000000c935700000)]
  0x0000025da0a86800 JavaThread "Build operations Thread 11" [_thread_blocked, id=4512, stack(0x000000c935500000,0x000000c935600000)]
  0x0000025da0a7f000 JavaThread "Build operations Thread 10" [_thread_blocked, id=20024, stack(0x000000c935400000,0x000000c935500000)]
  0x0000025da0a85000 JavaThread "Build operations Thread 9" [_thread_blocked, id=33968, stack(0x000000c935300000,0x000000c935400000)]
  0x0000025da0a83000 JavaThread "Build operations Thread 8" [_thread_blocked, id=22492, stack(0x000000c935200000,0x000000c935300000)]
  0x0000025da0a83800 JavaThread "Build operations Thread 7" [_thread_blocked, id=25632, stack(0x000000c935100000,0x000000c935200000)]
  0x0000025d9f69e800 JavaThread "Build operations Thread 6" [_thread_blocked, id=29352, stack(0x000000c935000000,0x000000c935100000)]
  0x0000025d9f69d800 JavaThread "Build operations Thread 5" [_thread_blocked, id=20468, stack(0x000000c934f00000,0x000000c935000000)]
  0x0000025d9f69c000 JavaThread "Build operations Thread 4" [_thread_blocked, id=18288, stack(0x000000c934e00000,0x000000c934f00000)]
  0x0000025d9f69b800 JavaThread "Build operations Thread 3" [_thread_blocked, id=25740, stack(0x000000c934d00000,0x000000c934e00000)]
  0x0000025d9f69d000 JavaThread "Build operations Thread 2" [_thread_blocked, id=33800, stack(0x000000c934c00000,0x000000c934d00000)]
  0x0000025d9f69a800 JavaThread "Build operations" [_thread_blocked, id=29636, stack(0x000000c934b00000,0x000000c934c00000)]
  0x0000025d9f69a000 JavaThread "Cache worker for Build Output Cleanup Cache (D:\localsharing\android\.gradle\buildOutputCleanup)" [_thread_blocked, id=33812, stack(0x000000c934a00000,0x000000c934b00000)]
  0x0000025d9f69f000 JavaThread "Cache worker for cache directory md-rule (C:\Users\ë¬¸ê·œ\.gradle\caches\6.7\md-rule)" [_thread_blocked, id=33836, stack(0x000000c934600000,0x000000c934700000)]
  0x0000025d9f692800 JavaThread "Cache worker for cache directory md-supplier (C:\Users\ë¬¸ê·œ\.gradle\caches\6.7\md-supplier)" [_thread_blocked, id=30956, stack(0x000000c934500000,0x000000c934600000)]
  0x0000025d9f699000 JavaThread "Cache worker for checksums cache (D:\localsharing\android\.gradle\checksums)" [_thread_blocked, id=4880, stack(0x000000c934400000,0x000000c934500000)]
  0x0000025d9f697000 JavaThread "Cache worker for file hash cache (D:\localsharing\android\.gradle\6.7\fileHashes)" [_thread_blocked, id=31916, stack(0x000000c934300000,0x000000c934400000)]
  0x0000025d9f696000 JavaThread "Thread-129" [_thread_blocked, id=26344, stack(0x000000c933f00000,0x000000c934000000)]
  0x0000025d9f698800 JavaThread "Stdin handler" [_thread_blocked, id=33816, stack(0x000000c933e00000,0x000000c933f00000)]
  0x0000025d9f693000 JavaThread "Asynchronous log dispatcher for DefaultDaemonConnection: socket connection from /127.0.0.1:61328 to /127.0.0.1:61345" [_thread_blocked, id=21960, stack(0x000000c933d00000,0x000000c933e00000)]
  0x0000025d9f697800 JavaThread "Cancel handler" [_thread_blocked, id=28904, stack(0x000000c933b00000,0x000000c933c00000)]
  0x0000025d9f695800 JavaThread "Handler for socket connection from /127.0.0.1:61328 to /127.0.0.1:61345" [_thread_in_native, id=30868, stack(0x000000c933a00000,0x000000c933b00000)]
  0x0000025d9f691800 JavaThread "Memory manager" [_thread_blocked, id=16264, stack(0x000000c93b200000,0x000000c93b300000)]
  0x0000025d9f694000 JavaThread "jar transforms Thread 92" [_thread_blocked, id=32396, stack(0x000000c93b100000,0x000000c93b200000)]
  0x0000025d9f690000 JavaThread "jar transforms Thread 91" [_thread_blocked, id=15052, stack(0x000000c93b000000,0x000000c93b100000)]
  0x0000025d9f691000 JavaThread "jar transforms Thread 90" [_thread_blocked, id=16876, stack(0x000000c93af00000,0x000000c93b000000)]
  0x0000025da1cb2000 JavaThread "jar transforms Thread 89" [_thread_blocked, id=26428, stack(0x000000c93ae00000,0x000000c93af00000)]
  0x0000025da1cb1800 JavaThread "jar transforms Thread 88" [_thread_blocked, id=26468, stack(0x000000c93ad00000,0x000000c93ae00000)]
  0x0000025da1cb6000 JavaThread "jar transforms Thread 87" [_thread_blocked, id=22124, stack(0x000000c93ac00000,0x000000c93ad00000)]
  0x0000025da1cb8000 JavaThread "jar transforms Thread 86" [_thread_blocked, id=33388, stack(0x000000c93ab00000,0x000000c93ac00000)]
  0x0000025da1cb5000 JavaThread "jar transforms Thread 85" [_thread_blocked, id=11992, stack(0x000000c93aa00000,0x000000c93ab00000)]
  0x0000025da1cb7800 JavaThread "jar transforms Thread 84" [_thread_blocked, id=34320, stack(0x000000c93a900000,0x000000c93aa00000)]
  0x0000025da1cb6800 JavaThread "jar transforms Thread 83" [_thread_blocked, id=26832, stack(0x000000c93a800000,0x000000c93a900000)]
  0x0000025da1cb0000 JavaThread "jar transforms Thread 82" [_thread_blocked, id=8572, stack(0x000000c93a700000,0x000000c93a800000)]
  0x0000025da1caf000 JavaThread "jar transforms Thread 81" [_thread_blocked, id=28484, stack(0x000000c93a600000,0x000000c93a700000)]
  0x0000025da1cb0800 JavaThread "jar transforms Thread 80" [_thread_blocked, id=22896, stack(0x000000c93a500000,0x000000c93a600000)]
  0x0000025da1cad800 JavaThread "jar transforms Thread 79" [_thread_blocked, id=33984, stack(0x000000c93a400000,0x000000c93a500000)]
  0x0000025da1cb4800 JavaThread "jar transforms Thread 78" [_thread_blocked, id=33336, stack(0x000000c93a300000,0x000000c93a400000)]
  0x0000025da1cb3800 JavaThread "jar transforms Thread 77" [_thread_blocked, id=32252, stack(0x000000c93a200000,0x000000c93a300000)]
  0x0000025da1cae800 JavaThread "jar transforms Thread 76" [_thread_blocked, id=19252, stack(0x000000c93a100000,0x000000c93a200000)]
  0x0000025da1cb3000 JavaThread "jar transforms Thread 75" [_thread_blocked, id=9616, stack(0x000000c93a000000,0x000000c93a100000)]
  0x0000025da1caa800 JavaThread "jar transforms Thread 74" [_thread_blocked, id=23332, stack(0x000000c939f00000,0x000000c93a000000)]
  0x0000025da1ca9000 JavaThread "jar transforms Thread 73" [_thread_blocked, id=24308, stack(0x000000c939e00000,0x000000c939f00000)]
  0x0000025da1cab800 JavaThread "jar transforms Thread 72" [_thread_blocked, id=31816, stack(0x000000c939d00000,0x000000c939e00000)]
  0x0000025da1cad000 JavaThread "jar transforms Thread 71" [_thread_blocked, id=20920, stack(0x000000c939c00000,0x000000c939d00000)]
  0x0000025da1caa000 JavaThread "jar transforms Thread 70" [_thread_blocked, id=31488, stack(0x000000c939b00000,0x000000c939c00000)]
  0x0000025da1cac000 JavaThread "jar transforms Thread 69" [_thread_blocked, id=24808, stack(0x000000c939a00000,0x000000c939b00000)]
  0x0000025da363b000 JavaThread "jar transforms Thread 68" [_thread_blocked, id=34132, stack(0x000000c939900000,0x000000c939a00000)]
  0x0000025da363c800 JavaThread "jar transforms Thread 67" [_thread_blocked, id=15664, stack(0x000000c939800000,0x000000c939900000)]
  0x0000025da363a000 JavaThread "jar transforms Thread 66" [_thread_blocked, id=26392, stack(0x000000c939700000,0x000000c939800000)]
  0x0000025da3639800 JavaThread "jar transforms Thread 65" [_thread_blocked, id=31516, stack(0x000000c939600000,0x000000c939700000)]
  0x0000025da3638800 JavaThread "jar transforms Thread 64" [_thread_blocked, id=26440, stack(0x000000c939500000,0x000000c939600000)]
  0x0000025da363b800 JavaThread "jar transforms Thread 63" [_thread_blocked, id=31764, stack(0x000000c939400000,0x000000c939500000)]
  0x0000025da363d000 JavaThread "jar transforms Thread 62" [_thread_blocked, id=14020, stack(0x000000c939300000,0x000000c939400000)]
  0x0000025da3631000 JavaThread "jar transforms Thread 61" [_thread_blocked, id=34300, stack(0x000000c939200000,0x000000c939300000)]
  0x0000025da3638000 JavaThread "jar transforms Thread 60" [_thread_blocked, id=12436, stack(0x000000c939100000,0x000000c939200000)]
  0x0000025da3637000 JavaThread "jar transforms Thread 59" [_thread_blocked, id=25160, stack(0x000000c939000000,0x000000c939100000)]
  0x0000025da3630800 JavaThread "jar transforms Thread 58" [_thread_blocked, id=34560, stack(0x000000c938f00000,0x000000c939000000)]
  0x0000025da3636800 JavaThread "jar transforms Thread 57" [_thread_blocked, id=27928, stack(0x000000c938e00000,0x000000c938f00000)]
  0x0000025da3635000 JavaThread "jar transforms Thread 56" [_thread_blocked, id=34784, stack(0x000000c938d00000,0x000000c938e00000)]
  0x0000025da3635800 JavaThread "jar transforms Thread 55" [_thread_blocked, id=9580, stack(0x000000c938c00000,0x000000c938d00000)]
  0x0000025da362e000 JavaThread "jar transforms Thread 54" [_thread_blocked, id=27244, stack(0x000000c938b00000,0x000000c938c00000)]
  0x0000025da362f800 JavaThread "jar transforms Thread 53" [_thread_blocked, id=29308, stack(0x000000c938a00000,0x000000c938b00000)]
  0x0000025da3633800 JavaThread "jar transforms Thread 52" [_thread_blocked, id=23864, stack(0x000000c938900000,0x000000c938a00000)]
  0x0000025da3634000 JavaThread "jar transforms Thread 51" [_thread_blocked, id=12284, stack(0x000000c938800000,0x000000c938900000)]
  0x0000025da3632000 JavaThread "jar transforms Thread 50" [_thread_blocked, id=10556, stack(0x000000c938700000,0x000000c938800000)]
  0x0000025da3632800 JavaThread "jar transforms Thread 49" [_thread_blocked, id=7460, stack(0x000000c938600000,0x000000c938700000)]
  0x0000025da362f000 JavaThread "jar transforms Thread 48" [_thread_blocked, id=3180, stack(0x000000c938500000,0x000000c938600000)]
  0x0000025da1308800 JavaThread "jar transforms Thread 47" [_thread_blocked, id=34740, stack(0x000000c938400000,0x000000c938500000)]
  0x0000025da1308000 JavaThread "jar transforms Thread 46" [_thread_blocked, id=34444, stack(0x000000c938300000,0x000000c938400000)]
  0x0000025da1307000 JavaThread "jar transforms Thread 45" [_thread_blocked, id=17928, stack(0x000000c938200000,0x000000c938300000)]
  0x0000025da1306800 JavaThread "jar transforms Thread 44" [_thread_blocked, id=31048, stack(0x000000c938100000,0x000000c938200000)]
  0x0000025da1305800 JavaThread "jar transforms Thread 43" [_thread_blocked, id=34020, stack(0x000000c938000000,0x000000c938100000)]
  0x0000025da1309800 JavaThread "jar transforms Thread 42" [_thread_blocked, id=13080, stack(0x000000c937f00000,0x000000c938000000)]
  0x0000025da12fe000 JavaThread "jar transforms Thread 41" [_thread_blocked, id=29360, stack(0x000000c937e00000,0x000000c937f00000)]
  0x0000025da1305000 JavaThread "jar transforms Thread 40" [_thread_blocked, id=32264, stack(0x000000c937d00000,0x000000c937e00000)]
  0x0000025da1304000 JavaThread "jar transforms Thread 39" [_thread_blocked, id=10128, stack(0x000000c937c00000,0x000000c937d00000)]
  0x0000025da1303800 JavaThread "jar transforms Thread 38" [_thread_blocked, id=31416, stack(0x000000c937b00000,0x000000c937c00000)]
  0x0000025da12fc000 JavaThread "jar transforms Thread 37" [_thread_blocked, id=21376, stack(0x000000c937a00000,0x000000c937b00000)]
  0x0000025da1302800 JavaThread "jar transforms Thread 36" [_thread_blocked, id=33996, stack(0x000000c937900000,0x000000c937a00000)]
  0x0000025da12ff000 JavaThread "jar transforms Thread 35" [_thread_blocked, id=3256, stack(0x000000c937800000,0x000000c937900000)]
  0x0000025da12fb000 JavaThread "jar transforms Thread 34" [_thread_blocked, id=25916, stack(0x000000c937700000,0x000000c937800000)]
  0x0000025da1302000 JavaThread "jar transforms Thread 33" [_thread_blocked, id=25688, stack(0x000000c937600000,0x000000c937700000)]
  0x0000025da12fd800 JavaThread "jar transforms Thread 32" [_thread_blocked, id=14024, stack(0x000000c937500000,0x000000c937600000)]
  0x0000025da12fc800 JavaThread "jar transforms Thread 31" [_thread_blocked, id=5904, stack(0x000000c937400000,0x000000c937500000)]
  0x0000025da1300800 JavaThread "jar transforms Thread 30" [_thread_blocked, id=34732, stack(0x000000c937300000,0x000000c937400000)]
  0x0000025da1301000 JavaThread "jar transforms Thread 29" [_thread_blocked, id=19000, stack(0x000000c937200000,0x000000c937300000)]
  0x0000025da12fa800 JavaThread "jar transforms Thread 28" [_thread_blocked, id=14408, stack(0x000000c937100000,0x000000c937200000)]
  0x0000025da12ff800 JavaThread "jar transforms Thread 27" [_thread_blocked, id=31392, stack(0x000000c937000000,0x000000c937100000)]
  0x0000025da14ee000 JavaThread "jar transforms Thread 26" [_thread_blocked, id=15612, stack(0x000000c936f00000,0x000000c937000000)]
  0x0000025da14ed800 JavaThread "jar transforms Thread 25" [_thread_blocked, id=19036, stack(0x000000c936e00000,0x000000c936f00000)]
  0x0000025da14ec000 JavaThread "jar transforms Thread 24" [_thread_blocked, id=1076, stack(0x000000c936d00000,0x000000c936e00000)]
  0x0000025da14f0800 JavaThread "jar transforms Thread 23" [_thread_blocked, id=13544, stack(0x000000c936c00000,0x000000c936d00000)]
  0x0000025da14f1000 JavaThread "jar transforms Thread 22" [_thread_blocked, id=29076, stack(0x000000c936b00000,0x000000c936c00000)]
  0x0000025da14ef000 JavaThread "jar transforms Thread 21" [_thread_blocked, id=18228, stack(0x000000c936a00000,0x000000c936b00000)]
  0x0000025da14ec800 JavaThread "jar transforms Thread 20" [_thread_blocked, id=33496, stack(0x000000c936900000,0x000000c936a00000)]
  0x0000025da14ef800 JavaThread "jar transforms Thread 19" [_thread_blocked, id=25464, stack(0x000000c936800000,0x000000c936900000)]
  0x0000025da14eb000 JavaThread "jar transforms Thread 18" [_thread_blocked, id=30940, stack(0x000000c936700000,0x000000c936800000)]
  0x0000025da14e3800 JavaThread "jar transforms Thread 17" [_thread_blocked, id=32600, stack(0x000000c936600000,0x000000c936700000)]
  0x0000025da14ea800 JavaThread "jar transforms Thread 16" [_thread_blocked, id=20296, stack(0x000000c936500000,0x000000c936600000)]
  0x0000025da14e3000 JavaThread "jar transforms Thread 15" [_thread_blocked, id=4840, stack(0x000000c936400000,0x000000c936500000)]
  0x0000025da14e9800 JavaThread "jar transforms Thread 14" [_thread_blocked, id=33980, stack(0x000000c936300000,0x000000c936400000)]
  0x0000025da14e4800 JavaThread "jar transforms Thread 13" [_thread_blocked, id=27996, stack(0x000000c936200000,0x000000c936300000)]
  0x0000025da14e2000 JavaThread "jar transforms Thread 12" [_thread_blocked, id=27464, stack(0x000000c936100000,0x000000c936200000)]
  0x0000025da14e9000 JavaThread "jar transforms Thread 11" [_thread_blocked, id=31612, stack(0x000000c936000000,0x000000c936100000)]
  0x0000025da14e8000 JavaThread "jar transforms Thread 10" [_thread_blocked, id=26824, stack(0x000000c935f00000,0x000000c936000000)]
  0x0000025da14e5000 JavaThread "jar transforms Thread 9" [_thread_blocked, id=17064, stack(0x000000c935e00000,0x000000c935f00000)]
  0x0000025da14e7800 JavaThread "jar transforms Thread 8" [_thread_blocked, id=21560, stack(0x000000c935d00000,0x000000c935e00000)]
  0x0000025da14e6800 JavaThread "jar transforms Thread 7" [_thread_blocked, id=13420, stack(0x000000c935c00000,0x000000c935d00000)]
  0x0000025da14e6000 JavaThread "jar transforms Thread 6" [_thread_blocked, id=28040, stack(0x000000c935b00000,0x000000c935c00000)]
  0x0000025da0a8d800 JavaThread "jar transforms Thread 5" [_thread_blocked, id=16908, stack(0x000000c935a00000,0x000000c935b00000)]
  0x0000025da0a8a800 JavaThread "jar transforms Thread 4" [_thread_blocked, id=10472, stack(0x000000c935900000,0x000000c935a00000)]
  0x0000025da0a86000 JavaThread "jar transforms Thread 3" [_thread_blocked, id=16904, stack(0x000000c935800000,0x000000c935900000)]
  0x0000025da0a8c800 JavaThread "jar transforms Thread 2" [_thread_blocked, id=13352, stack(0x000000c935700000,0x000000c935800000)]
  0x0000025da163c000 JavaThread "Cache worker for file content cache (C:\Users\ë¬¸ê·œ\.gradle\caches\6.7\fileContent)" [_thread_blocked, id=29744, stack(0x000000c934900000,0x000000c934a00000)]
  0x0000025da163a800 JavaThread "jar transforms" [_thread_blocked, id=32036, stack(0x000000c934800000,0x000000c934900000)]
  0x0000025da1637800 JavaThread "Cache worker for execution history cache (C:\Users\ë¬¸ê·œ\.gradle\caches\6.7\executionHistory)" [_thread_blocked, id=10560, stack(0x000000c934700000,0x000000c934800000)]
  0x0000025da1636000 JavaThread "Cache worker for journal cache (C:\Users\ë¬¸ê·œ\.gradle\caches\journal-1)" [_thread_blocked, id=24052, stack(0x000000c934200000,0x000000c934300000)]
  0x0000025da163a000 JavaThread "File lock request listener" [_thread_in_native, id=22952, stack(0x000000c934100000,0x000000c934200000)]
  0x0000025da1639000 JavaThread "Cache worker for file hash cache (C:\Users\ë¬¸ê·œ\.gradle\caches\6.7\fileHashes)" [_thread_blocked, id=34808, stack(0x000000c934000000,0x000000c934100000)]
  0x0000025da03dc000 JavaThread "Daemon worker" [_thread_blocked, id=13928, stack(0x000000c933c00000,0x000000c933d00000)]
  0x0000025da03d1000 JavaThread "Daemon" [_thread_blocked, id=29808, stack(0x000000c933900000,0x000000c933a00000)]
  0x0000025da040c800 JavaThread "Daemon periodic checks" [_thread_blocked, id=24216, stack(0x000000c933800000,0x000000c933900000)]
  0x0000025da0364800 JavaThread "Incoming local TCP Connector on port 61328" [_thread_in_native, id=25388, stack(0x000000c933700000,0x000000c933800000)]
  0x0000025da02aa000 JavaThread "Daemon health stats" [_thread_blocked, id=22556, stack(0x000000c933400000,0x000000c933500000)]
  0x0000025d9e906800 JavaThread "Service Thread" daemon [_thread_blocked, id=21004, stack(0x000000c933200000,0x000000c933300000)]
  0x0000025d9c485800 JavaThread "C1 CompilerThread3" daemon [_thread_in_vm, id=31692, stack(0x000000c933100000,0x000000c933200000)]
=>0x0000025d9c460000 JavaThread "C2 CompilerThread2" daemon [_thread_in_native, id=22656, stack(0x000000c933000000,0x000000c933100000)]
  0x0000025d9c45f000 JavaThread "C2 CompilerThread1" daemon [_thread_in_native, id=24932, stack(0x000000c932f00000,0x000000c933000000)]
  0x0000025d9c45d800 JavaThread "C2 CompilerThread0" daemon [_thread_in_native, id=32236, stack(0x000000c932e00000,0x000000c932f00000)]
  0x0000025d9e892800 JavaThread "Attach Listener" daemon [_thread_blocked, id=16148, stack(0x000000c932d00000,0x000000c932e00000)]
  0x0000025d9c473800 JavaThread "Signal Dispatcher" daemon [_thread_blocked, id=25836, stack(0x000000c932c00000,0x000000c932d00000)]
  0x0000025d9c42a800 JavaThread "Finalizer" daemon [_thread_blocked, id=18700, stack(0x000000c932b00000,0x000000c932c00000)]
  0x0000025d9c423000 JavaThread "Reference Handler" daemon [_thread_blocked, id=3124, stack(0x000000c932a00000,0x000000c932b00000)]
  0x0000025d899a6800 JavaThread "main" [_thread_blocked, id=15844, stack(0x000000c931e00000,0x000000c931f00000)]

Other Threads:
  0x0000025d9c3fb800 VMThread [stack: 0x000000c932900000,0x000000c932a00000] [id=20612]
  0x0000025d9e941800 WatcherThread [stack: 0x000000c933300000,0x000000c933400000] [id=31076]

VM state:not at safepoint (normal execution)

VM Mutex/Monitor currently owned by a thread: None

heap address: 0x00000000e0000000, size: 512 MB, Compressed Oops mode: 32-bit
Narrow klass base: 0x0000000000000000, Narrow klass shift: 3
Compressed class space size: 1073741824 Address: 0x0000000100000000

Heap:
 PSYoungGen      total 144384K, used 105202K [0x00000000f5580000, 0x0000000100000000, 0x0000000100000000)
  eden space 124416K, 68% used [0x00000000f5580000,0x00000000fa8bf728,0x00000000fcf00000)
  from space 19968K, 99% used [0x00000000fec80000,0x00000000ffffd388,0x0000000100000000)
  to   space 25088K, 0% used [0x00000000fcf00000,0x00000000fcf00000,0x00000000fe780000)
 ParOldGen       total 187904K, used 39305K [0x00000000e0000000, 0x00000000eb780000, 0x00000000f5580000)
  object space 187904K, 20% used [0x00000000e0000000,0x00000000e2662480,0x00000000eb780000)
 Metaspace       used 72392K, capacity 76734K, committed 77056K, reserved 1116160K
  class space    used 9995K, capacity 10886K, committed 11008K, reserved 1048576K

Card table byte_map: [0x0000025d9a6d0000,0x0000025d9a7e0000] byte_map_base: 0x0000025d99fd0000

Marking Bits: (ParMarkBitMap*) 0x00000000584e6ff0
 Begin Bits: [0x0000025d9a890000, 0x0000025d9b090000)
 End Bits:   [0x0000025d9b090000, 0x0000025d9b890000)

Polling page: 0x0000025d89930000

CodeCache: size=245760Kb used=26601Kb max_used=26626Kb free=219158Kb
 bounds [0x0000025d8b310000, 0x0000025d8cd40000, 0x0000025d9a310000]
 total_blobs=9182 nmethods=8379 adapters=715
 compilation: enabled

Compilation events (10 events):
Event: 53.896 Thread 0x0000025d9c485800 nmethod 9505 0x0000025d8cce4250 code [0x0000025d8cce43c0, 0x0000025d8cce46e0]
Event: 53.896 Thread 0x0000025d9c485800 9504       3       org.gradle.internal.operations.DefaultBuildOperationQueue$WorkerRunnable::<init> (6 bytes)
Event: 53.896 Thread 0x0000025d9c485800 nmethod 9504 0x0000025d8cce47d0 code [0x0000025d8cce4940, 0x0000025d8cce4b78]
Event: 53.896 Thread 0x0000025d9c485800 9498       3       org.gradle.api.internal.artifacts.ivyservice.resolveengine.artifact.ResolvedArtifactsGraphVisitor::visitNode (11 bytes)
Event: 53.896 Thread 0x0000025d9c485800 nmethod 9498 0x0000025d8cce4c90 code [0x0000025d8cce4e00, 0x0000025d8cce5030]
Event: 53.896 Thread 0x0000025d9c485800 9516       3       org.gradle.internal.fingerprint.impl.DefaultCurrentFileCollectionFingerprint::<init> (54 bytes)
Event: 53.897 Thread 0x0000025d9c485800 nmethod 9516 0x0000025d8cce5110 code [0x0000025d8cce5320, 0x0000025d8cce5c30]
Event: 53.897 Thread 0x0000025d9c485800 9515       1       org.gradle.api.internal.artifacts.transform.PrecomputedTransformationResult::getTransformedSubject (5 bytes)
Event: 53.897 Thread 0x0000025d9c485800 nmethod 9515 0x0000025d8cce6190 code [0x0000025d8cce62e0, 0x0000025d8cce63f8]
Event: 53.899 Thread 0x0000025d9c485800 9517       3       org.gradle.internal.snapshot.impl.SnapshotSerializer::read (516 bytes)

GC Heap History (10 events):
Event: 11.375 GC heap before
{Heap before GC invocations=11 (full 2):
 PSYoungGen      total 161280K, used 154923K [0x00000000f5580000, 0x0000000100000000, 0x0000000100000000)
  eden space 148992K, 100% used [0x00000000f5580000,0x00000000fe700000,0x00000000fe700000)
  from space 12288K, 48% used [0x00000000ff400000,0x00000000ff9cae40,0x0000000100000000)
  to   space 12800K, 0% used [0x00000000fe700000,0x00000000fe700000,0x00000000ff380000)
 ParOldGen       total 175104K, used 16581K [0x00000000e0000000, 0x00000000eab00000, 0x00000000f5580000)
  object space 175104K, 9% used [0x00000000e0000000,0x00000000e1031710,0x00000000eab00000)
 Metaspace       used 51367K, capacity 53718K, committed 54016K, reserved 1095680K
  class space    used 7050K, capacity 7566K, committed 7680K, reserved 1048576K
Event: 11.391 GC heap after
Heap after GC invocations=11 (full 2):
 PSYoungGen      total 161792K, used 12782K [0x00000000f5580000, 0x0000000100000000, 0x0000000100000000)
  eden space 148992K, 0% used [0x00000000f5580000,0x00000000f5580000,0x00000000fe700000)
  from space 12800K, 99% used [0x00000000fe700000,0x00000000ff37b9e8,0x00000000ff380000)
  to   space 12800K, 0% used [0x00000000ff380000,0x00000000ff380000,0x0000000100000000)
 ParOldGen       total 175104K, used 24645K [0x00000000e0000000, 0x00000000eab00000, 0x00000000f5580000)
  object space 175104K, 14% used [0x00000000e0000000,0x00000000e1811450,0x00000000eab00000)
 Metaspace       used 51367K, capacity 53718K, committed 54016K, reserved 1095680K
  class space    used 7050K, capacity 7566K, committed 7680K, reserved 1048576K
}
Event: 13.757 GC heap before
{Heap before GC invocations=12 (full 2):
 PSYoungGen      total 161792K, used 98160K [0x00000000f5580000, 0x0000000100000000, 0x0000000100000000)
  eden space 148992K, 57% used [0x00000000f5580000,0x00000000fa8e09b0,0x00000000fe700000)
  from space 12800K, 99% used [0x00000000fe700000,0x00000000ff37b9e8,0x00000000ff380000)
  to   space 12800K, 0% used [0x00000000ff380000,0x00000000ff380000,0x0000000100000000)
 ParOldGen       total 175104K, used 24645K [0x00000000e0000000, 0x00000000eab00000, 0x00000000f5580000)
  object space 175104K, 14% used [0x00000000e0000000,0x00000000e1811450,0x00000000eab00000)
 Metaspace       used 56480K, capacity 59060K, committed 59136K, reserved 1099776K
  class space    used 7580K, capacity 8125K, committed 8192K, reserved 1048576K
Event: 13.773 GC heap after
Heap after GC invocations=12 (full 2):
 PSYoungGen      total 147456K, used 12772K [0x00000000f5580000, 0x0000000100000000, 0x0000000100000000)
  eden space 134656K, 0% used [0x00000000f5580000,0x00000000f5580000,0x00000000fd900000)
  from space 12800K, 99% used [0x00000000ff380000,0x00000000ffff92e0,0x0000000100000000)
  to   space 19968K, 0% used [0x00000000fd900000,0x00000000fd900000,0x00000000fec80000)
 ParOldGen       total 175104K, used 31075K [0x00000000e0000000, 0x00000000eab00000, 0x00000000f5580000)
  object space 175104K, 17% used [0x00000000e0000000,0x00000000e1e58ce8,0x00000000eab00000)
 Metaspace       used 56480K, capacity 59060K, committed 59136K, reserved 1099776K
  class space    used 7580K, capacity 8125K, committed 8192K, reserved 1048576K
}
Event: 13.773 GC heap before
{Heap before GC invocations=13 (full 3):
 PSYoungGen      total 147456K, used 12772K [0x00000000f5580000, 0x0000000100000000, 0x0000000100000000)
  eden space 134656K, 0% used [0x00000000f5580000,0x00000000f5580000,0x00000000fd900000)
  from space 12800K, 99% used [0x00000000ff380000,0x00000000ffff92e0,0x0000000100000000)
  to   space 19968K, 0% used [0x00000000fd900000,0x00000000fd900000,0x00000000fec80000)
 ParOldGen       total 175104K, used 31075K [0x00000000e0000000, 0x00000000eab00000, 0x00000000f5580000)
  object space 175104K, 17% used [0x00000000e0000000,0x00000000e1e58ce8,0x00000000eab00000)
 Metaspace       used 56480K, capacity 59060K, committed 59136K, reserved 1099776K
  class space    used 7580K, capacity 8125K, committed 8192K, reserved 1048576K
Event: 13.955 GC heap after
Heap after GC invocations=13 (full 3):
 PSYoungGen      total 147456K, used 0K [0x00000000f5580000, 0x0000000100000000, 0x0000000100000000)
  eden space 134656K, 0% used [0x00000000f5580000,0x00000000f5580000,0x00000000fd900000)
  from space 12800K, 0% used [0x00000000ff380000,0x00000000ff380000,0x0000000100000000)
  to   space 19968K, 0% used [0x00000000fd900000,0x00000000fd900000,0x00000000fec80000)
 ParOldGen       total 187904K, used 32539K [0x00000000e0000000, 0x00000000eb780000, 0x00000000f5580000)
  object space 187904K, 17% used [0x00000000e0000000,0x00000000e1fc6e48,0x00000000eb780000)
 Metaspace       used 56414K, capacity 58838K, committed 59136K, reserved 1099776K
  class space    used 7560K, capacity 8088K, committed 8192K, reserved 1048576K
}
Event: 51.646 GC heap before
{Heap before GC invocations=14 (full 3):
 PSYoungGen      total 147456K, used 134656K [0x00000000f5580000, 0x0000000100000000, 0x0000000100000000)
  eden space 134656K, 100% used [0x00000000f5580000,0x00000000fd900000,0x00000000fd900000)
  from space 12800K, 0% used [0x00000000ff380000,0x00000000ff380000,0x0000000100000000)
  to   space 19968K, 0% used [0x00000000fd900000,0x00000000fd900000,0x00000000fec80000)
 ParOldGen       total 187904K, used 32539K [0x00000000e0000000, 0x00000000eb780000, 0x00000000f5580000)
  object space 187904K, 17% used [0x00000000e0000000,0x00000000e1fc6e48,0x00000000eb780000)
 Metaspace       used 62489K, capacity 65416K, committed 65536K, reserved 1105920K
  class space    used 8529K, capacity 9170K, committed 9216K, reserved 1048576K
Event: 51.653 GC heap after
Heap after GC invocations=14 (full 3):
 PSYoungGen      total 154624K, used 14029K [0x00000000f5580000, 0x0000000100000000, 0x0000000100000000)
  eden space 134656K, 0% used [0x00000000f5580000,0x00000000f5580000,0x00000000fd900000)
  from space 19968K, 70% used [0x00000000fd900000,0x00000000fe6b35b8,0x00000000fec80000)
  to   space 19968K, 0% used [0x00000000fec80000,0x00000000fec80000,0x0000000100000000)
 ParOldGen       total 187904K, used 32547K [0x00000000e0000000, 0x00000000eb780000, 0x00000000f5580000)
  object space 187904K, 17% used [0x00000000e0000000,0x00000000e1fc8e48,0x00000000eb780000)
 Metaspace       used 62489K, capacity 65416K, committed 65536K, reserved 1105920K
  class space    used 8529K, capacity 9170K, committed 9216K, reserved 1048576K
}
Event: 52.924 GC heap before
{Heap before GC invocations=15 (full 3):
 PSYoungGen      total 154624K, used 148685K [0x00000000f5580000, 0x0000000100000000, 0x0000000100000000)
  eden space 134656K, 100% used [0x00000000f5580000,0x00000000fd900000,0x00000000fd900000)
  from space 19968K, 70% used [0x00000000fd900000,0x00000000fe6b35b8,0x00000000fec80000)
  to   space 19968K, 0% used [0x00000000fec80000,0x00000000fec80000,0x0000000100000000)
 ParOldGen       total 187904K, used 32547K [0x00000000e0000000, 0x00000000eb780000, 0x00000000f5580000)
  object space 187904K, 17% used [0x00000000e0000000,0x00000000e1fc8e48,0x00000000eb780000)
 Metaspace       used 70072K, capacity 73912K, committed 74112K, reserved 1112064K
  class space    used 9739K, capacity 10577K, committed 10624K, reserved 1048576K
Event: 52.945 GC heap after
Heap after GC invocations=15 (full 3):
 PSYoungGen      total 144384K, used 19956K [0x00000000f5580000, 0x0000000100000000, 0x0000000100000000)
  eden space 124416K, 0% used [0x00000000f5580000,0x00000000f5580000,0x00000000fcf00000)
  from space 19968K, 99% used [0x00000000fec80000,0x00000000ffffd388,0x0000000100000000)
  to   space 25088K, 0% used [0x00000000fcf00000,0x00000000fcf00000,0x00000000fe780000)
 ParOldGen       total 187904K, used 39305K [0x00000000e0000000, 0x00000000eb780000, 0x00000000f5580000)
  object space 187904K, 20% used [0x00000000e0000000,0x00000000e2662480,0x00000000eb780000)
 Metaspace       used 70072K, capacity 73912K, committed 74112K, reserved 1112064K
  class space    used 9739K, capacity 10577K, committed 10624K, reserved 1048576K
}

Deoptimization events (10 events):
Event: 53.557 Thread 0x0000025da0a86800 Uncommon trap: reason=bimorphic action=maybe_recompile pc=0x0000025d8bee67bc method=java.util.concurrent.ConcurrentHashMap.putVal(Ljava/lang/Object;Ljava/lang/Object;Z)Ljava/lang/Object; @ 192
Event: 53.557 Thread 0x0000025da0a80000 Uncommon trap: reason=bimorphic action=maybe_recompile pc=0x0000025d8bee67bc method=java.util.concurrent.ConcurrentHashMap.putVal(Ljava/lang/Object;Ljava/lang/Object;Z)Ljava/lang/Object; @ 192
Event: 53.559 Thread 0x0000025d9f69b800 Uncommon trap: reason=bimorphic action=maybe_recompile pc=0x0000025d8bee67bc method=java.util.concurrent.ConcurrentHashMap.putVal(Ljava/lang/Object;Ljava/lang/Object;Z)Ljava/lang/Object; @ 192
Event: 53.579 Thread 0x0000025da0a83800 Uncommon trap: reason=unstable_if action=reinterpret pc=0x0000025d8bf0f1c4 method=java.lang.String$CaseInsensitiveComparator.compare(Ljava/lang/String;Ljava/lang/String;)I @ 70
Event: 53.581 Thread 0x0000025da0a85000 Uncommon trap: reason=unstable_if action=reinterpret pc=0x0000025d8bf45770 method=java.lang.String$CaseInsensitiveComparator.compare(Ljava/lang/String;Ljava/lang/String;)I @ 70
Event: 53.602 Thread 0x0000025d9f69b800 Uncommon trap: reason=unstable_if action=reinterpret pc=0x0000025d8b5f78c4 method=java.lang.String$CaseInsensitiveComparator.compare(Ljava/lang/String;Ljava/lang/String;)I @ 70
Event: 53.671 Thread 0x0000025d9f69b800 Uncommon trap: reason=unstable_if action=reinterpret pc=0x0000025d8caf6a3c method=java.util.concurrent.locks.AbstractQueuedSynchronizer.enq(Ljava/util/concurrent/locks/AbstractQueuedSynchronizer$Node;)Ljava/util/concurrent/locks/AbstractQueuedSynchronizer
Event: 53.671 Thread 0x0000025d9f69a800 Uncommon trap: reason=unstable_if action=reinterpret pc=0x0000025d8caf6a3c method=java.util.concurrent.locks.AbstractQueuedSynchronizer.enq(Ljava/util/concurrent/locks/AbstractQueuedSynchronizer$Node;)Ljava/util/concurrent/locks/AbstractQueuedSynchronizer
Event: 53.761 Thread 0x0000025d9f694800 Uncommon trap: reason=unstable_if action=reinterpret pc=0x0000025d8cba01b0 method=org.gradle.internal.file.DefaultFileHierarchySet$Node.isChildOfOrThis(Ljava/lang/String;I)Z @ 72
Event: 53.799 Thread 0x0000025d9f694800 Uncommon trap: reason=unstable_if action=reinterpret pc=0x0000025d8b92b318 method=com.esotericsoftware.kryo.io.Input.require(I)I @ 65

Classes redefined (0 events):
No events

Internal exceptions (10 events):
Event: 53.555 Thread 0x0000025d9f69a800 Exception <a 'java/lang/NoSuchMethodError': java.lang.Object.lambda$flatMap$4(Ljava/util/function/Function;)Lorg/gradle/api/internal/artifacts/transform/CacheableInvocation;> (0x00000000f7d9ab20) thrown at [C:\jenkins\workspace\8-2-build-windows-amd64-cyg
Event: 53.555 Thread 0x0000025da0a7f000 Exception <a 'java/lang/NoSuchMethodError': java.lang.Object.lambda$flatMap$4(Ljava/util/function/Function;)Lorg/gradle/api/internal/artifacts/transform/CacheableInvocation;> (0x00000000f7da7860) thrown at [C:\jenkins\workspace\8-2-build-windows-amd64-cyg
Event: 53.555 Thread 0x0000025d9f69c000 Exception <a 'java/lang/NoSuchMethodError': java.lang.Object.lambda$flatMap$4(Ljava/util/function/Function;)Lorg/gradle/api/internal/artifacts/transform/CacheableInvocation;> (0x00000000f7d8d328) thrown at [C:\jenkins\workspace\8-2-build-windows-amd64-cyg
Event: 53.555 Thread 0x0000025d9f69c000 Exception <a 'java/lang/NoSuchMethodError': java.lang.Object.lambda$flatMap$3(Ljava/util/function/Function;)Lorg/gradle/internal/Try;> (0x00000000f7d920e0) thrown at [C:\jenkins\workspace\8-2-build-windows-amd64-cygwin\jdk8u281\880\hotspot\src\share\vm\in
Event: 53.555 Thread 0x0000025d9f69b800 Exception <a 'java/lang/NoSuchMethodError': java.lang.Object.lambda$flatMap$3(Ljava/util/function/Function;)Lorg/gradle/internal/Try;> (0x00000000f7db92b0) thrown at [C:\jenkins\workspace\8-2-build-windows-amd64-cygwin\jdk8u281\880\hotspot\src\share\vm\in
Event: 53.555 Thread 0x0000025d9f69d800 Exception <a 'java/lang/NoSuchMethodError': java.lang.Object.lambda$flatMap$3(Ljava/util/function/Function;)Lorg/gradle/internal/Try;> (0x00000000f7d48930) thrown at [C:\jenkins\workspace\8-2-build-windows-amd64-cygwin\jdk8u281\880\hotspot\src\share\vm\in
Event: 53.575 Thread 0x0000025d9f69b800 Exception <a 'java/lang/NoSuchMethodError': java.lang.Object.lambda$flatMap$2(Ljava/util/function/Function;Ljava/lang/Object;)Lorg/gradle/internal/Try;> (0x00000000f7ff0058) thrown at [C:\jenkins\workspace\8-2-build-windows-amd64-cygwin\jdk8u281\880\hotsp
Event: 53.575 Thread 0x0000025da0a80000 Exception <a 'java/lang/NoSuchMethodError': java.lang.Object.lambda$flatMap$2(Ljava/util/function/Function;Ljava/lang/Object;)Lorg/gradle/internal/Try;> (0x00000000f80339c8) thrown at [C:\jenkins\workspace\8-2-build-windows-amd64-cygwin\jdk8u281\880\hotsp
Event: 53.575 Thread 0x0000025da0a83800 Exception <a 'java/lang/NoSuchMethodError': java.lang.Object.lambda$flatMap$2(Ljava/util/function/Function;Ljava/lang/Object;)Lorg/gradle/internal/Try;> (0x00000000f8050f88) thrown at [C:\jenkins\workspace\8-2-build-windows-amd64-cygwin\jdk8u281\880\hotsp
Event: 53.736 Thread 0x0000025d9f69e800 Exception <a 'java/lang/NoSuchMethodError': java.lang.Object.lambda$flatMap$0(Ljava/lang/Throwable;)Lorg/gradle/api/internal/artifacts/transform/CacheableInvocation;> (0x00000000f7d19d58) thrown at [C:\jenkins\workspace\8-2-build-windows-amd64-cygwin\jdk8

Events (10 events):
Event: 53.851 Executing VM operation: RevokeBias
Event: 53.851 Executing VM operation: RevokeBias done
Event: 53.851 Executing VM operation: RevokeBias
Event: 53.852 Executing VM operation: RevokeBias done
Event: 53.852 Executing VM operation: RevokeBias
Event: 53.852 Executing VM operation: RevokeBias done
Event: 53.852 Executing VM operation: RevokeBias
Event: 53.852 Executing VM operation: RevokeBias done
Event: 53.852 Executing VM operation: RevokeBias
Event: 53.852 Executing VM operation: RevokeBias done


Dynamic libraries:
0x00007ff774310000 - 0x00007ff774357000 	C:\Program Files\Java\jdk1.8.0_281\bin\java.exe
0x00007ffca0a60000 - 0x00007ffca0c50000 	C:\WINDOWS\SYSTEM32\ntdll.dll
0x00007ffca0070000 - 0x00007ffca0122000 	C:\WINDOWS\System32\KERNEL32.DLL
0x00007ffc9e630000 - 0x00007ffc9e8d4000 	C:\WINDOWS\System32\KERNELBASE.dll
0x00007ffc9f710000 - 0x00007ffc9f7b3000 	C:\WINDOWS\System32\ADVAPI32.dll
0x00007ffc9ef70000 - 0x00007ffc9f00e000 	C:\WINDOWS\System32\msvcrt.dll
0x00007ffca07b0000 - 0x00007ffca0847000 	C:\WINDOWS\System32\sechost.dll
0x00007ffca0690000 - 0x00007ffca07b0000 	C:\WINDOWS\System32\RPCRT4.dll
0x00007ffc9ec70000 - 0x00007ffc9ee05000 	C:\WINDOWS\System32\USER32.dll
0x00007ffc9e600000 - 0x00007ffc9e621000 	C:\WINDOWS\System32\win32u.dll
0x00007ffc9eb10000 - 0x00007ffc9eb36000 	C:\WINDOWS\System32\GDI32.dll
0x00007ffc9e3b0000 - 0x00007ffc9e546000 	C:\WINDOWS\System32\gdi32full.dll
0x00007ffc9e2e0000 - 0x00007ffc9e37e000 	C:\WINDOWS\System32\msvcp_win.dll
0x00007ffc9e9b0000 - 0x00007ffc9eaaa000 	C:\WINDOWS\System32\ucrtbase.dll
0x00007ffc94670000 - 0x00007ffc948f4000 	C:\WINDOWS\WinSxS\amd64_microsoft.windows.common-controls_6595b64144ccf1df_6.0.18362.1016_none_9e7a36bbe461dae4\COMCTL32.dll
0x00007ffc9f010000 - 0x00007ffc9f345000 	C:\WINDOWS\System32\combase.dll
0x00007ffc9e930000 - 0x00007ffc9e9b0000 	C:\WINDOWS\System32\bcryptPrimitives.dll
0x00007ffc9f880000 - 0x00007ffc9f8ae000 	C:\WINDOWS\System32\IMM32.DLL
0x00007ffc963e0000 - 0x00007ffc963f5000 	C:\Program Files\Java\jdk1.8.0_281\jre\bin\vcruntime140.dll
0x00007ffc6c510000 - 0x00007ffc6c5ab000 	C:\Program Files\Java\jdk1.8.0_281\jre\bin\msvcp140.dll
0x0000000057d00000 - 0x000000005855f000 	C:\Program Files\Java\jdk1.8.0_281\jre\bin\server\jvm.dll
0x00007ffc9f700000 - 0x00007ffc9f708000 	C:\WINDOWS\System32\PSAPI.DLL
0x00007ffc9b860000 - 0x00007ffc9b884000 	C:\WINDOWS\SYSTEM32\WINMM.dll
0x00007ffc985a0000 - 0x00007ffc985aa000 	C:\WINDOWS\SYSTEM32\VERSION.dll
0x00007ffc837d0000 - 0x00007ffc837d9000 	C:\WINDOWS\SYSTEM32\WSOCK32.dll
0x00007ffc9f910000 - 0x00007ffc9f97f000 	C:\WINDOWS\System32\WS2_32.dll
0x00007ffc9b3e0000 - 0x00007ffc9b40d000 	C:\WINDOWS\SYSTEM32\winmmbase.dll
0x00007ffc9e8e0000 - 0x00007ffc9e92a000 	C:\WINDOWS\System32\cfgmgr32.dll
0x00007ffc9d9c0000 - 0x00007ffc9d9d1000 	C:\WINDOWS\System32\kernel.appcore.dll
0x00007ffc8bde0000 - 0x00007ffc8bdf0000 	C:\Program Files\Java\jdk1.8.0_281\jre\bin\verify.dll
0x00007ffc80400000 - 0x00007ffc8042b000 	C:\Program Files\Java\jdk1.8.0_281\jre\bin\java.dll
0x00007ffc83cd0000 - 0x00007ffc83ce8000 	C:\Program Files\Java\jdk1.8.0_281\jre\bin\zip.dll
0x00007ffc9f980000 - 0x00007ffca0067000 	C:\WINDOWS\System32\SHELL32.dll
0x00007ffc9f3d0000 - 0x00007ffc9f479000 	C:\WINDOWS\System32\shcore.dll
0x00007ffc9db50000 - 0x00007ffc9e2d2000 	C:\WINDOWS\System32\windows.storage.dll
0x00007ffc9d970000 - 0x00007ffc9d993000 	C:\WINDOWS\System32\profapi.dll
0x00007ffc9d920000 - 0x00007ffc9d96a000 	C:\WINDOWS\System32\powrprof.dll
0x00007ffc9d910000 - 0x00007ffc9d920000 	C:\WINDOWS\System32\UMPDC.dll
0x00007ffc9f8b0000 - 0x00007ffc9f902000 	C:\WINDOWS\System32\shlwapi.dll
0x00007ffc9db30000 - 0x00007ffc9db47000 	C:\WINDOWS\System32\cryptsp.dll
0x00007ffc809b0000 - 0x00007ffc809cc000 	C:\Program Files\Java\jdk1.8.0_281\jre\bin\net.dll
0x00007ffc9d170000 - 0x00007ffc9d1d7000 	C:\WINDOWS\system32\mswsock.dll
0x00007ffc7f870000 - 0x00007ffc7f883000 	C:\Program Files\Java\jdk1.8.0_281\jre\bin\nio.dll
0x00007ffc7ad40000 - 0x00007ffc7ad66000 	C:\Users\¹®±Ô\.gradle\native\fdc75f09e3144964f2cf3f50f0aa648679c211496f362492102eb8c894070792\windows-amd64\native-platform.dll
0x00007ffc65600000 - 0x00007ffc65791000 	C:\Users\¹®±Ô\.gradle\native\12488b8bf47d2d4c9fbf2f6322a914ad602e24e48041cd04a747c6da556b65c4\windows-amd64\native-platform-file-events.dll
0x00007ffc84d80000 - 0x00007ffc84d8d000 	C:\Program Files\Java\jdk1.8.0_281\jre\bin\management.dll
0x00007ffc9cce0000 - 0x00007ffc9cd13000 	C:\WINDOWS\system32\rsaenh.dll
0x00007ffc9e380000 - 0x00007ffc9e3a6000 	C:\WINDOWS\System32\bcrypt.dll
0x00007ffc9d830000 - 0x00007ffc9d855000 	C:\WINDOWS\SYSTEM32\USERENV.dll
0x00007ffc9d340000 - 0x00007ffc9d34c000 	C:\WINDOWS\SYSTEM32\CRYPTBASE.dll
0x00007ffc9ce80000 - 0x00007ffc9ceba000 	C:\WINDOWS\SYSTEM32\IPHLPAPI.DLL
0x00007ffca0a10000 - 0x00007ffca0a18000 	C:\WINDOWS\System32\NSI.dll
0x00007ffc98a90000 - 0x00007ffc98aa6000 	C:\WINDOWS\SYSTEM32\dhcpcsvc6.DLL
0x00007ffc98760000 - 0x00007ffc9877c000 	C:\WINDOWS\SYSTEM32\dhcpcsvc.DLL
0x00007ffc9cec0000 - 0x00007ffc9cf8b000 	C:\WINDOWS\SYSTEM32\DNSAPI.dll
0x00007ffc99110000 - 0x00007ffc9911b000 	C:\WINDOWS\SYSTEM32\WINNSI.DLL
0x00007ffc866f0000 - 0x00007ffc868e4000 	C:\WINDOWS\SYSTEM32\dbghelp.dll

VM Arguments:
jvm_args: -XX:MaxMetaspaceSize=256m -XX:+HeapDumpOnOutOfMemoryError -Xms256m -Xmx512m -Dfile.encoding=x-windows-949 -Duser.country=KR -Duser.language=ko -Duser.variant 
java_command: org.gradle.launcher.daemon.bootstrap.GradleDaemon 6.7
java_class_path (initial): C:\Users\¹®±Ô\.gradle\wrapper\dists\gradle-6.7-all\cuy9mc7upwgwgeb72wkcrupxe\gradle-6.7\lib\gradle-launcher-6.7.jar
Launcher Type: SUN_STANDARD

Environment Variables:
JAVA_HOME=C:\Program Files\Java\jdk1.8.0_281
CLASSPATH=D:\localsharing\android\\gradle\wrapper\gradle-wrapper.jar
PATH=D:\localsharing\android\node_modules\.bin;D:\localsharing\node_modules\.bin;D:\node_modules\.bin;C:\Program Files\nodejs;C:\Program Files\Common Files\Oracle\Java\javapath;C:\Program Files (x86)\Common Files\Oracle\Java\javapath;C:\Python39\Scripts\;C:\Python39\;C:\oraclexe\app\oracle\product\11.2.0\server\bin;C:\Program Files (x86)\NAT Service;C:\WINDOWS\system32;C:\WINDOWS;C:\WINDOWS\System32\Wbem;C:\WINDOWS\System32\WindowsPowerShell\v1.0\;C:\WINDOWS\System32\OpenSSH\;C:\Program Files\Java\jdk1.8.0_281\bin;C:\AndroidStudio\Sdk\platform-tools;C:\AndroidStudio\Sdk\tools;C:\Program Files\nodejs\;C:\ProgramData\chocolatey\bin;C:\Program Files\Java\;C:\Program Files\Java\jdk1.8.0_281\bin;C:\Program Files (x86)\Yarn\bin\;C:\anaconda3;C:\anaconda3\Library\mingw-w64\bin;C:\anaconda3\Library\usr\bin;C:\anaconda3\Library\bin;C:\anaconda3\Scripts;C:\Users\¹®±Ô\AppData\Local\Programs\Python\Python37\Scripts\;C:\Users\¹®±Ô\AppData\Local\Programs\Python\Python37\;C:\Users\¹®±Ô\AppData\Local\Microsoft\WindowsApps;C:\Program Files\Bandizip\;C:\Users\¹®±Ô\AppData\Local\Programs\Microsoft VS Code\bin;C:\Users\¹®±Ô\AppData\Local\GitHubDesktop\bin;C:\Users\¹®±Ô\AppData\Local\atom\bin;C:\Users\¹®±Ô\AppData\Roaming\npm;C:\Users\¹®±Ô\AppData\Local\Yarn\bin
USERNAME=jojaehyun
OS=Windows_NT
PROCESSOR_IDENTIFIER=AMD64 Family 23 Model 1 Stepping 1, AuthenticAMD



---------------  S Y S T E M  ---------------

OS: Windows 10.0 , 64 bit Build 18362 (10.0.18362.959)

CPU:total 12 (initial active 12) (12 cores per cpu, 1 threads per core) family 23 model 1 stepping 1, cmov, cx8, fxsr, mmx, sse, sse2, sse3, ssse3, sse4.1, sse4.2, popcnt, avx, avx2, aes, clmul, mmxext, 3dnowpref, lzcnt, sse4a, tsc, tscinvbit, tscinv, bmi1

Memory: 4k page, physical 16727396k(5063096k free), swap 16727396k(2548k free)

vm_info: Java HotSpot(TM) 64-Bit Server VM (25.281-b09) for windows-amd64 JRE (1.8.0_281-b09), built on Dec  9 2020 13:54:07 by "" with MS VC++ 15.9 (VS2017)

time: Mon Apr 12 17:19:32 2021
timezone: ¢¥eCN©öI¡¾©ö C¡ÍA¨ª¨öA
elapsed time: 53.970706 seconds (0d 0h 0m 53s)

