#
# There is insufficient memory for the Java Runtime Environment to continue.
# Native memory allocation (malloc) failed to allocate 1064976 bytes for Chunk::new
# Possible reasons:
#   The system is out of physical RAM or swap space
#   The process is running with CompressedOops enabled, and the Java Heap may be blocking the growth of the native heap
# Possible solutions:
#   Reduce memory load on the system
#   Increase physical memory or swap space
#   Check if swap backing store is full
#   Decrease Java heap size (-Xmx/-Xms)
#   Decrease number of Java threads
#   Decrease Java thread stack sizes (-Xss)
#   Set larger code cache with -XX:ReservedCodeCacheSize=
#   JVM is running with Unscaled Compressed Oops mode in which the Java heap is
#     placed in the first 4GB address space. The Java Heap base address is the
#     maximum limit for the native heap growth. Please use -XX:HeapBaseMinAddress
#     to set the Java Heap base and to place the Java Heap above 4GB virtual address.
# This output file may be truncated or incomplete.
#
#  Out of Memory Error (allocation.cpp:389), pid=34104, tid=0x0000000000004910
#
# JRE version: Java(TM) SE Runtime Environment (8.0_281-b09) (build 1.8.0_281-b09)
# Java VM: Java HotSpot(TM) 64-Bit Server VM (25.281-b09 mixed mode windows-amd64 compressed oops)
# Failed to write core dump. Minidumps are not enabled by default on client versions of Windows
#

---------------  T H R E A D  ---------------

Current thread (0x0000022a11e39000):  JavaThread "C2 CompilerThread2" daemon [_thread_in_native, id=18704, stack(0x0000006ecbb00000,0x0000006ecbc00000)]

Stack: [0x0000006ecbb00000,0x0000006ecbc00000]
Native frames: (J=compiled Java code, j=interpreted, Vv=VM code, C=native code)
V  [jvm.dll+0x32e5b9]
V  [jvm.dll+0x275012]
V  [jvm.dll+0x275cbd]
V  [jvm.dll+0x26c6f5]
V  [jvm.dll+0xd51fc]
V  [jvm.dll+0xd59fc]
V  [jvm.dll+0x46f8c3]
V  [jvm.dll+0x4373e0]
V  [jvm.dll+0x4403d5]
V  [jvm.dll+0x43f795]
V  [jvm.dll+0x42a5e7]
V  [jvm.dll+0xabe9b]
V  [jvm.dll+0xaa4fb]
V  [jvm.dll+0x23d6b2]
V  [jvm.dll+0x291cbc]
C  [ucrtbase.dll+0x20e82]
C  [KERNEL32.DLL+0x17bd4]
C  [ntdll.dll+0x6ce51]


Current CompileTask:
C2:  17898 7140       4       org.gradle.api.internal.artifacts.transform.ConsumerProvidedVariantFinder::matchAttributes (68 bytes)


---------------  P R O C E S S  ---------------

Java Threads: ( => current thread )
  0x0000022a14099000 JavaThread "Cache worker for execution history cache (D:\localsharing\android\.gradle\6.7\executionHistory)" [_thread_blocked, id=18032, stack(0x0000006ed4900000,0x0000006ed4a00000)]
  0x0000022a14094800 JavaThread "Execution worker for ':' Thread 11" [_thread_blocked, id=21304, stack(0x0000006ed4800000,0x0000006ed4900000)]
  0x0000022a1409a800 JavaThread "Execution worker for ':' Thread 10" [_thread_blocked, id=33868, stack(0x0000006ed4700000,0x0000006ed4800000)]
  0x0000022a14093000 JavaThread "Execution worker for ':' Thread 9" [_thread_blocked, id=29604, stack(0x0000006ed4600000,0x0000006ed4700000)]
  0x0000022a14097800 JavaThread "Execution worker for ':' Thread 8" [_thread_blocked, id=31720, stack(0x0000006ed4500000,0x0000006ed4600000)]
  0x0000022a14092000 JavaThread "Execution worker for ':' Thread 7" [_thread_blocked, id=17848, stack(0x0000006ed4400000,0x0000006ed4500000)]
  0x0000022a14090800 JavaThread "Execution worker for ':' Thread 6" [_thread_blocked, id=15124, stack(0x0000006ed4300000,0x0000006ed4400000)]
  0x0000022a14091800 JavaThread "Execution worker for ':' Thread 5" [_thread_blocked, id=3224, stack(0x0000006ed4200000,0x0000006ed4300000)]
  0x0000022a14096800 JavaThread "Execution worker for ':' Thread 4" [_thread_blocked, id=8304, stack(0x0000006ed4100000,0x0000006ed4200000)]
  0x0000022a14093800 JavaThread "Execution worker for ':' Thread 3" [_thread_blocked, id=2312, stack(0x0000006ed4000000,0x0000006ed4100000)]
  0x0000022a14095000 JavaThread "Execution worker for ':' Thread 2" [_thread_in_vm, id=23692, stack(0x0000006ed3f00000,0x0000006ed4000000)]
  0x0000022a1408b800 JavaThread "Execution worker for ':'" [_thread_blocked, id=25340, stack(0x0000006ed3e00000,0x0000006ed3f00000)]
  0x0000022a1408d000 JavaThread "Memory manager" [_thread_blocked, id=28020, stack(0x0000006ed3d00000,0x0000006ed3e00000)]
  0x0000022a1408c000 JavaThread "jar transforms Thread 92" [_thread_blocked, id=27500, stack(0x0000006ed3c00000,0x0000006ed3d00000)]
  0x0000022a1824b800 JavaThread "jar transforms Thread 91" [_thread_blocked, id=14436, stack(0x0000006ed3b00000,0x0000006ed3c00000)]
  0x0000022a18252800 JavaThread "jar transforms Thread 90" [_thread_blocked, id=32168, stack(0x0000006ed3a00000,0x0000006ed3b00000)]
  0x0000022a1824e800 JavaThread "jar transforms Thread 89" [_thread_blocked, id=4948, stack(0x0000006ed3900000,0x0000006ed3a00000)]
  0x0000022a1824e000 JavaThread "jar transforms Thread 88" [_thread_blocked, id=31944, stack(0x0000006ed3800000,0x0000006ed3900000)]
  0x0000022a18251800 JavaThread "jar transforms Thread 87" [_thread_blocked, id=31928, stack(0x0000006ed3700000,0x0000006ed3800000)]
  0x0000022a18251000 JavaThread "jar transforms Thread 86" [_thread_blocked, id=1192, stack(0x0000006ed3600000,0x0000006ed3700000)]
  0x0000022a18250000 JavaThread "jar transforms Thread 85" [_thread_blocked, id=31284, stack(0x0000006ed3500000,0x0000006ed3600000)]
  0x0000022a1824f800 JavaThread "jar transforms Thread 84" [_thread_blocked, id=10552, stack(0x0000006ed3400000,0x0000006ed3500000)]
  0x0000022a18246800 JavaThread "jar transforms Thread 83" [_thread_blocked, id=25668, stack(0x0000006ed3300000,0x0000006ed3400000)]
  0x0000022a1824b000 JavaThread "jar transforms Thread 82" [_thread_blocked, id=32172, stack(0x0000006ed3200000,0x0000006ed3300000)]
  0x0000022a1824d000 JavaThread "jar transforms Thread 81" [_thread_blocked, id=1048, stack(0x0000006ed3100000,0x0000006ed3200000)]
  0x0000022a18248800 JavaThread "jar transforms Thread 80" [_thread_blocked, id=8604, stack(0x0000006ed3000000,0x0000006ed3100000)]
  0x0000022a1824c800 JavaThread "jar transforms Thread 79" [_thread_blocked, id=4524, stack(0x0000006ed2f00000,0x0000006ed3000000)]
  0x0000022a18247000 JavaThread "jar transforms Thread 78" [_thread_blocked, id=28252, stack(0x0000006ed2e00000,0x0000006ed2f00000)]
  0x0000022a18243800 JavaThread "jar transforms Thread 77" [_thread_blocked, id=19732, stack(0x0000006ed2d00000,0x0000006ed2e00000)]
  0x0000022a1824a000 JavaThread "jar transforms Thread 76" [_thread_blocked, id=9560, stack(0x0000006ed2c00000,0x0000006ed2d00000)]
  0x0000022a18249800 JavaThread "jar transforms Thread 75" [_thread_blocked, id=10432, stack(0x0000006ed2b00000,0x0000006ed2c00000)]
  0x0000022a18245000 JavaThread "jar transforms Thread 74" [_thread_blocked, id=34368, stack(0x0000006ed2a00000,0x0000006ed2b00000)]
  0x0000022a18248000 JavaThread "jar transforms Thread 73" [_thread_blocked, id=19320, stack(0x0000006ed2900000,0x0000006ed2a00000)]
  0x0000022a18244000 JavaThread "jar transforms Thread 72" [_thread_blocked, id=33600, stack(0x0000006ed2800000,0x0000006ed2900000)]
  0x0000022a18245800 JavaThread "jar transforms Thread 71" [_thread_blocked, id=6748, stack(0x0000006ed2700000,0x0000006ed2800000)]
  0x0000022a1801b800 JavaThread "jar transforms Thread 70" [_thread_blocked, id=28328, stack(0x0000006ed2600000,0x0000006ed2700000)]
  0x0000022a1801b000 JavaThread "jar transforms Thread 69" [_thread_blocked, id=20412, stack(0x0000006ed2500000,0x0000006ed2600000)]
  0x0000022a18017000 JavaThread "jar transforms Thread 68" [_thread_blocked, id=32400, stack(0x0000006ed2400000,0x0000006ed2500000)]
  0x0000022a18016800 JavaThread "jar transforms Thread 67" [_thread_blocked, id=28168, stack(0x0000006ed2300000,0x0000006ed2400000)]
  0x0000022a18018000 JavaThread "jar transforms Thread 66" [_thread_blocked, id=21804, stack(0x0000006ed2200000,0x0000006ed2300000)]
  0x0000022a18018800 JavaThread "jar transforms Thread 65" [_thread_blocked, id=7268, stack(0x0000006ed2100000,0x0000006ed2200000)]
  0x0000022a18019800 JavaThread "jar transforms Thread 64" [_thread_blocked, id=33460, stack(0x0000006ed2000000,0x0000006ed2100000)]
  0x0000022a1801a000 JavaThread "jar transforms Thread 63" [_thread_blocked, id=33012, stack(0x0000006ed1f00000,0x0000006ed2000000)]
  0x0000022a1801c800 JavaThread "jar transforms Thread 62" [_thread_blocked, id=28228, stack(0x0000006ed1e00000,0x0000006ed1f00000)]
  0x0000022a1800f000 JavaThread "jar transforms Thread 61" [_thread_blocked, id=31716, stack(0x0000006ed1d00000,0x0000006ed1e00000)]
  0x0000022a18015800 JavaThread "jar transforms Thread 60" [_thread_blocked, id=30772, stack(0x0000006ed1c00000,0x0000006ed1d00000)]
  0x0000022a1800e000 JavaThread "jar transforms Thread 59" [_thread_blocked, id=9420, stack(0x0000006ed1b00000,0x0000006ed1c00000)]
  0x0000022a18015000 JavaThread "jar transforms Thread 58" [_thread_blocked, id=31460, stack(0x0000006ed1a00000,0x0000006ed1b00000)]
  0x0000022a18014000 JavaThread "jar transforms Thread 57" [_thread_blocked, id=11304, stack(0x0000006ed1900000,0x0000006ed1a00000)]
  0x0000022a18013800 JavaThread "jar transforms Thread 56" [_thread_blocked, id=27052, stack(0x0000006ed1800000,0x0000006ed1900000)]
  0x0000022a1800f800 JavaThread "jar transforms Thread 55" [_thread_blocked, id=12564, stack(0x0000006ed1700000,0x0000006ed1800000)]
  0x0000022a18012800 JavaThread "jar transforms Thread 54" [_thread_blocked, id=32012, stack(0x0000006ed1600000,0x0000006ed1700000)]
  0x0000022a1800d800 JavaThread "jar transforms Thread 53" [_thread_blocked, id=17488, stack(0x0000006ed1500000,0x0000006ed1600000)]
  0x0000022a18012000 JavaThread "jar transforms Thread 52" [_thread_blocked, id=30820, stack(0x0000006ed1400000,0x0000006ed1500000)]
  0x0000022a18011000 JavaThread "jar transforms Thread 51" [_thread_blocked, id=34600, stack(0x0000006ed1300000,0x0000006ed1400000)]
  0x0000022a18010800 JavaThread "jar transforms Thread 50" [_thread_blocked, id=33736, stack(0x0000006ed1200000,0x0000006ed1300000)]
  0x0000022a170af800 JavaThread "jar transforms Thread 49" [_thread_blocked, id=26920, stack(0x0000006ed1100000,0x0000006ed1200000)]
  0x0000022a170b2800 JavaThread "jar transforms Thread 48" [_thread_blocked, id=30324, stack(0x0000006ed1000000,0x0000006ed1100000)]
  0x0000022a170b3800 JavaThread "jar transforms Thread 47" [_thread_blocked, id=23420, stack(0x0000006ed0f00000,0x0000006ed1000000)]
  0x0000022a170af000 JavaThread "jar transforms Thread 46" [_thread_blocked, id=12620, stack(0x0000006ed0e00000,0x0000006ed0f00000)]
  0x0000022a170b2000 JavaThread "jar transforms Thread 45" [_thread_blocked, id=19616, stack(0x0000006ed0d00000,0x0000006ed0e00000)]
  0x0000022a170b0800 JavaThread "jar transforms Thread 44" [_thread_blocked, id=18712, stack(0x0000006ed0c00000,0x0000006ed0d00000)]
  0x0000022a170b1000 JavaThread "jar transforms Thread 43" [_thread_blocked, id=32884, stack(0x0000006ed0b00000,0x0000006ed0c00000)]
  0x0000022a170a7800 JavaThread "jar transforms Thread 42" [_thread_blocked, id=34636, stack(0x0000006ed0a00000,0x0000006ed0b00000)]
  0x0000022a170ae000 JavaThread "jar transforms Thread 41" [_thread_blocked, id=25852, stack(0x0000006ed0900000,0x0000006ed0a00000)]
  0x0000022a170ac800 JavaThread "jar transforms Thread 40" [_thread_blocked, id=30192, stack(0x0000006ed0800000,0x0000006ed0900000)]
  0x0000022a170ac000 JavaThread "jar transforms Thread 39" [_thread_blocked, id=29352, stack(0x0000006ed0700000,0x0000006ed0800000)]
  0x0000022a170ad800 JavaThread "jar transforms Thread 38" [_thread_blocked, id=33836, stack(0x0000006ed0600000,0x0000006ed0700000)]
  0x0000022a170a5000 JavaThread "jar transforms Thread 37" [_thread_blocked, id=30956, stack(0x0000006ed0500000,0x0000006ed0600000)]
  0x0000022a170aa800 JavaThread "jar transforms Thread 36" [_thread_blocked, id=26344, stack(0x0000006ed0400000,0x0000006ed0500000)]
  0x0000022a170a4800 JavaThread "jar transforms Thread 35" [_thread_blocked, id=20624, stack(0x0000006ed0300000,0x0000006ed0400000)]
  0x0000022a170a9000 JavaThread "jar transforms Thread 34" [_thread_blocked, id=33452, stack(0x0000006ed0200000,0x0000006ed0300000)]
  0x0000022a170ab000 JavaThread "jar transforms Thread 33" [_thread_blocked, id=22684, stack(0x0000006ed0100000,0x0000006ed0200000)]
  0x0000022a170a8000 JavaThread "jar transforms Thread 32" [_thread_blocked, id=16264, stack(0x0000006ed0000000,0x0000006ed0100000)]
  0x0000022a170a9800 JavaThread "jar transforms Thread 31" [_thread_blocked, id=32396, stack(0x0000006ecff00000,0x0000006ed0000000)]
  0x0000022a170a6800 JavaThread "jar transforms Thread 30" [_thread_blocked, id=15052, stack(0x0000006ecfe00000,0x0000006ecff00000)]
  0x0000022a170a6000 JavaThread "jar transforms Thread 29" [_thread_blocked, id=16876, stack(0x0000006ecfd00000,0x0000006ecfe00000)]
  0x0000022a180aa000 JavaThread "jar transforms Thread 28" [_thread_blocked, id=26428, stack(0x0000006ecfc00000,0x0000006ecfd00000)]
  0x0000022a180a8800 JavaThread "jar transforms Thread 27" [_thread_blocked, id=26468, stack(0x0000006ecfb00000,0x0000006ecfc00000)]
  0x0000022a180a4800 JavaThread "jar transforms Thread 26" [_thread_blocked, id=22124, stack(0x0000006ecfa00000,0x0000006ecfb00000)]
  0x0000022a180a7800 JavaThread "jar transforms Thread 25" [_thread_blocked, id=33388, stack(0x0000006ecf900000,0x0000006ecfa00000)]
  0x0000022a180a9000 JavaThread "jar transforms Thread 24" [_thread_blocked, id=11992, stack(0x0000006ecf800000,0x0000006ecf900000)]
  0x0000022a180a7000 JavaThread "jar transforms Thread 23" [_thread_blocked, id=34320, stack(0x0000006ecf700000,0x0000006ecf800000)]
  0x0000022a180a4000 JavaThread "jar transforms Thread 22" [_thread_blocked, id=26832, stack(0x0000006ecf600000,0x0000006ecf700000)]
  0x0000022a180a6000 JavaThread "jar transforms Thread 21" [_thread_blocked, id=8572, stack(0x0000006ecf500000,0x0000006ecf600000)]
  0x0000022a180a5800 JavaThread "jar transforms Thread 20" [_thread_blocked, id=28484, stack(0x0000006ecf400000,0x0000006ecf500000)]
  0x0000022a1809c800 JavaThread "jar transforms Thread 19" [_thread_blocked, id=22896, stack(0x0000006ecf300000,0x0000006ecf400000)]
  0x0000022a180a1800 JavaThread "jar transforms Thread 18" [_thread_blocked, id=33984, stack(0x0000006ecf200000,0x0000006ecf300000)]
  0x0000022a1809f800 JavaThread "jar transforms Thread 17" [_thread_blocked, id=33336, stack(0x0000006ecf100000,0x0000006ecf200000)]
  0x0000022a180a0000 JavaThread "jar transforms Thread 16" [_thread_blocked, id=32252, stack(0x0000006ecf000000,0x0000006ecf100000)]
  0x0000022a180a3000 JavaThread "jar transforms Thread 15" [_thread_blocked, id=19252, stack(0x0000006ecef00000,0x0000006ecf000000)]
  0x0000022a1809e800 JavaThread "jar transforms Thread 14" [_thread_blocked, id=9616, stack(0x0000006ecee00000,0x0000006ecef00000)]
  0x0000022a1809e000 JavaThread "jar transforms Thread 13" [_thread_blocked, id=23332, stack(0x0000006eced00000,0x0000006ecee00000)]
  0x0000022a1809b800 JavaThread "jar transforms Thread 12" [_thread_blocked, id=24308, stack(0x0000006ecec00000,0x0000006eced00000)]
  0x0000022a180a2800 JavaThread "jar transforms Thread 11" [_thread_blocked, id=31816, stack(0x0000006eceb00000,0x0000006ecec00000)]
  0x0000022a1809d000 JavaThread "jar transforms Thread 10" [_thread_blocked, id=20920, stack(0x0000006ecea00000,0x0000006eceb00000)]
  0x0000022a180a1000 JavaThread "jar transforms Thread 9" [_thread_blocked, id=31488, stack(0x0000006ece900000,0x0000006ecea00000)]
  0x0000022a1809b000 JavaThread "jar transforms Thread 8" [_thread_blocked, id=24808, stack(0x0000006ece800000,0x0000006ece900000)]
  0x0000022a1792f000 JavaThread "jar transforms Thread 7" [_thread_blocked, id=34132, stack(0x0000006ece700000,0x0000006ece800000)]
  0x0000022a1792a800 JavaThread "jar transforms Thread 6" [_thread_blocked, id=15664, stack(0x0000006ece600000,0x0000006ece700000)]
  0x0000022a1792d800 JavaThread "jar transforms Thread 5" [_thread_blocked, id=26392, stack(0x0000006ece500000,0x0000006ece600000)]
  0x0000022a1792c800 JavaThread "jar transforms Thread 4" [_thread_blocked, id=31516, stack(0x0000006ece400000,0x0000006ece500000)]
  0x0000022a1792c000 JavaThread "jar transforms Thread 3" [_thread_blocked, id=26440, stack(0x0000006ece300000,0x0000006ece400000)]
  0x0000022a1792e000 JavaThread "jar transforms Thread 2" [_thread_blocked, id=31764, stack(0x0000006ece200000,0x0000006ece300000)]
  0x0000022a1792b000 JavaThread "Build operations Thread 12" [_thread_blocked, id=14020, stack(0x0000006ece100000,0x0000006ece200000)]
  0x0000022a17923800 JavaThread "Build operations Thread 11" [_thread_blocked, id=34300, stack(0x0000006ece000000,0x0000006ece100000)]
  0x0000022a17929800 JavaThread "Build operations Thread 10" [_thread_blocked, id=12436, stack(0x0000006ecdf00000,0x0000006ece000000)]
  0x0000022a17929000 JavaThread "Build operations Thread 9" [_thread_blocked, id=25160, stack(0x0000006ecde00000,0x0000006ecdf00000)]
  0x0000022a17925000 JavaThread "Build operations Thread 8" [_thread_blocked, id=34560, stack(0x0000006ecdd00000,0x0000006ecde00000)]
  0x0000022a17922000 JavaThread "Build operations Thread 7" [_thread_blocked, id=27928, stack(0x0000006ecdc00000,0x0000006ecdd00000)]
  0x0000022a17924800 JavaThread "Build operations Thread 6" [_thread_blocked, id=34784, stack(0x0000006ecdb00000,0x0000006ecdc00000)]
  0x0000022a17923000 JavaThread "Build operations Thread 5" [_thread_blocked, id=9580, stack(0x0000006ecda00000,0x0000006ecdb00000)]
  0x0000022a17927800 JavaThread "Build operations Thread 4" [_thread_blocked, id=27244, stack(0x0000006ecd900000,0x0000006ecda00000)]
  0x0000022a17928000 JavaThread "Build operations Thread 3" [_thread_blocked, id=29308, stack(0x0000006ecd800000,0x0000006ecd900000)]
  0x0000022a17921800 JavaThread "Build operations Thread 2" [_thread_blocked, id=23864, stack(0x0000006ecd700000,0x0000006ecd800000)]
  0x0000022a17920000 JavaThread "Build operations" [_thread_blocked, id=12284, stack(0x0000006ecd600000,0x0000006ecd700000)]
  0x0000022a17926800 JavaThread "Cache worker for Build Output Cleanup Cache (D:\localsharing\android\.gradle\buildOutputCleanup)" [_thread_blocked, id=10556, stack(0x0000006ecd500000,0x0000006ecd600000)]
  0x0000022a15b62800 JavaThread "Cache worker for file content cache (C:\Users\ë¬¸ê·œ\.gradle\caches\6.7\fileContent)" [_thread_blocked, id=22952, stack(0x0000006ecd400000,0x0000006ecd500000)]
  0x0000022a15b60000 JavaThread "jar transforms" [_thread_blocked, id=25388, stack(0x0000006ecd300000,0x0000006ecd400000)]
  0x0000022a15b5f800 JavaThread "Cache worker for execution history cache (C:\Users\ë¬¸ê·œ\.gradle\caches\6.7\executionHistory)" [_thread_blocked, id=13400, stack(0x0000006ecd200000,0x0000006ecd300000)]
  0x0000022a15b5e800 JavaThread "Cache worker for cache directory md-rule (C:\Users\ë¬¸ê·œ\.gradle\caches\6.7\md-rule)" [_thread_blocked, id=31076, stack(0x0000006ecd100000,0x0000006ecd200000)]
  0x0000022a15b5e000 JavaThread "Cache worker for cache directory md-supplier (C:\Users\ë¬¸ê·œ\.gradle\caches\6.7\md-supplier)" [_thread_blocked, id=24932, stack(0x0000006ecd000000,0x0000006ecd100000)]
  0x0000022a15b63000 JavaThread "Cache worker for checksums cache (D:\localsharing\android\.gradle\checksums)" [_thread_blocked, id=32236, stack(0x0000006eccf00000,0x0000006ecd000000)]
  0x0000022a15b64000 JavaThread "Cache worker for file hash cache (D:\localsharing\android\.gradle\6.7\fileHashes)" [_thread_blocked, id=22888, stack(0x0000006ecce00000,0x0000006eccf00000)]
  0x0000022a15b5d000 JavaThread "Cache worker for journal cache (C:\Users\ë¬¸ê·œ\.gradle\caches\journal-1)" [_thread_blocked, id=31072, stack(0x0000006eccd00000,0x0000006ecce00000)]
  0x0000022a15b61800 JavaThread "File lock request listener" [_thread_in_native, id=22372, stack(0x0000006eccc00000,0x0000006eccd00000)]
  0x0000022a15b61000 JavaThread "Cache worker for file hash cache (C:\Users\ë¬¸ê·œ\.gradle\caches\6.7\fileHashes)" [_thread_blocked, id=30332, stack(0x0000006eccb00000,0x0000006eccc00000)]
  0x0000022a159a2000 JavaThread "Thread-9" [_thread_blocked, id=32512, stack(0x0000006ecca00000,0x0000006eccb00000)]
  0x0000022a1599d800 JavaThread "Stdin handler" [_thread_blocked, id=30068, stack(0x0000006ecc900000,0x0000006ecca00000)]
  0x0000022a1599a800 JavaThread "Asynchronous log dispatcher for DefaultDaemonConnection: socket connection from /127.0.0.1:61396 to /127.0.0.1:61397" [_thread_blocked, id=19584, stack(0x0000006ecc800000,0x0000006ecc900000)]
  0x0000022a15990800 JavaThread "Daemon worker" [_thread_blocked, id=11468, stack(0x0000006ecc700000,0x0000006ecc800000)]
  0x0000022a1598b000 JavaThread "Cancel handler" [_thread_blocked, id=9704, stack(0x0000006ecc600000,0x0000006ecc700000)]
  0x0000022a150e8000 JavaThread "Handler for socket connection from /127.0.0.1:61396 to /127.0.0.1:61397" [_thread_in_native, id=19912, stack(0x0000006ecc500000,0x0000006ecc600000)]
  0x0000022a150e7000 JavaThread "Daemon" [_thread_blocked, id=17692, stack(0x0000006ecc400000,0x0000006ecc500000)]
  0x0000022a15112800 JavaThread "Daemon periodic checks" [_thread_blocked, id=13132, stack(0x0000006ecc300000,0x0000006ecc400000)]
  0x0000022a15108800 JavaThread "Incoming local TCP Connector on port 61396" [_thread_in_native, id=33152, stack(0x0000006ecc200000,0x0000006ecc300000)]
  0x0000022a14fea800 JavaThread "Daemon health stats" [_thread_blocked, id=20200, stack(0x0000006ecbf00000,0x0000006ecc000000)]
  0x0000022a13599800 JavaThread "Service Thread" daemon [_thread_blocked, id=34512, stack(0x0000006ecbd00000,0x0000006ecbe00000)]
  0x0000022a11e3e800 JavaThread "C1 CompilerThread3" daemon [_thread_blocked, id=15084, stack(0x0000006ecbc00000,0x0000006ecbd00000)]
=>0x0000022a11e39000 JavaThread "C2 CompilerThread2" daemon [_thread_in_native, id=18704, stack(0x0000006ecbb00000,0x0000006ecbc00000)]
  0x0000022a11e36800 JavaThread "C2 CompilerThread1" daemon [_thread_blocked, id=31404, stack(0x0000006ecba00000,0x0000006ecbb00000)]
  0x0000022a11e1f000 JavaThread "C2 CompilerThread0" daemon [_thread_blocked, id=25300, stack(0x0000006ecb900000,0x0000006ecba00000)]
  0x0000022a13593000 JavaThread "Attach Listener" daemon [_thread_blocked, id=23188, stack(0x0000006ecb800000,0x0000006ecb900000)]
  0x0000022a13592800 JavaThread "Signal Dispatcher" daemon [_thread_blocked, id=33856, stack(0x0000006ecb700000,0x0000006ecb800000)]
  0x0000022a11dea800 JavaThread "Finalizer" daemon [_thread_blocked, id=14028, stack(0x0000006ecb600000,0x0000006ecb700000)]
  0x0000022a11dda800 JavaThread "Reference Handler" daemon [_thread_blocked, id=28156, stack(0x0000006ecb500000,0x0000006ecb600000)]
  0x0000022a7e5c7000 JavaThread "main" [_thread_blocked, id=25344, stack(0x0000006eca900000,0x0000006ecaa00000)]

Other Threads:
  0x0000022a11db3000 VMThread [stack: 0x0000006ecb400000,0x0000006ecb500000] [id=34396]
  0x0000022a13632000 WatcherThread [stack: 0x0000006ecbe00000,0x0000006ecbf00000] [id=29616]

VM state:not at safepoint (normal execution)

VM Mutex/Monitor currently owned by a thread: None

heap address: 0x00000000e0000000, size: 512 MB, Compressed Oops mode: 32-bit
Narrow klass base: 0x0000000000000000, Narrow klass shift: 3
Compressed class space size: 1073741824 Address: 0x0000000100000000

Heap:
 PSYoungGen      total 151040K, used 91185K [0x00000000f5580000, 0x0000000100000000, 0x0000000100000000)
  eden space 133632K, 55% used [0x00000000f5580000,0x00000000f9da6598,0x00000000fd800000)
  from space 17408K, 99% used [0x00000000fd800000,0x00000000fe8e5e78,0x00000000fe900000)
  to   space 22016K, 0% used [0x00000000fea80000,0x00000000fea80000,0x0000000100000000)
 ParOldGen       total 186880K, used 36011K [0x00000000e0000000, 0x00000000eb680000, 0x00000000f5580000)
  object space 186880K, 19% used [0x00000000e0000000,0x00000000e232ad70,0x00000000eb680000)
 Metaspace       used 66633K, capacity 70372K, committed 70528K, reserved 1110016K
  class space    used 9520K, capacity 10365K, committed 10368K, reserved 1048576K

Card table byte_map: [0x0000022a0f3c0000,0x0000022a0f4d0000] byte_map_base: 0x0000022a0ecc0000

Marking Bits: (ParMarkBitMap*) 0x00000000584e6ff0
 Begin Bits: [0x0000022a0f580000, 0x0000022a0fd80000)
 End Bits:   [0x0000022a0fd80000, 0x0000022a10580000)

Polling page: 0x0000022a7e720000

CodeCache: size=245760Kb used=20230Kb max_used=21629Kb free=225529Kb
 bounds [0x0000022a00000000, 0x0000022a01540000, 0x0000022a0f000000]
 total_blobs=7113 nmethods=6315 adapters=710
 compilation: enabled

Compilation events (10 events):
Event: 17.866 Thread 0x0000022a11e3e800 7308       3       com.google.common.collect.ImmutableMap::builderWithExpectedSize (16 bytes)
Event: 17.866 Thread 0x0000022a11e3e800 nmethod 7308 0x0000022a004e3990 code [0x0000022a004e3b00, 0x0000022a004e3e30]
Event: 17.866 Thread 0x0000022a11e3e800 7309       3       org.gradle.internal.serialize.kryo.KryoBackedEncoder::writeSmallInt (11 bytes)
Event: 17.866 Thread 0x0000022a11e3e800 nmethod 7309 0x0000022a0075a590 code [0x0000022a0075a700, 0x0000022a0075a910]
Event: 17.869 Thread 0x0000022a11e3e800 7310       3       com.sun.org.apache.xerces.internal.xni.XMLString::<init> (5 bytes)
Event: 17.870 Thread 0x0000022a11e3e800 nmethod 7310 0x0000022a0064f550 code [0x0000022a0064f6a0, 0x0000022a0064f858]
Event: 17.870 Thread 0x0000022a11e3e800 7311       3       com.sun.org.apache.xerces.internal.util.FeatureState::isExceptional (8 bytes)
Event: 17.870 Thread 0x0000022a11e3e800 nmethod 7311 0x0000022a00ddff50 code [0x0000022a00de00a0, 0x0000022a00de0298]
Event: 17.871 Thread 0x0000022a11e3e800 7312       3       com.sun.org.apache.xerces.internal.util.PropertyState::isExceptional (8 bytes)
Event: 17.871 Thread 0x0000022a11e3e800 nmethod 7312 0x0000022a006e3c50 code [0x0000022a006e3da0, 0x0000022a006e3f98]

GC Heap History (10 events):
Event: 9.858 GC heap before
{Heap before GC invocations=10 (full 2):
 PSYoungGen      total 123392K, used 110592K [0x00000000f5580000, 0x0000000100000000, 0x0000000100000000)
  eden space 110592K, 100% used [0x00000000f5580000,0x00000000fc180000,0x00000000fc180000)
  from space 12800K, 0% used [0x00000000fc180000,0x00000000fc180000,0x00000000fce00000)
  to   space 12800K, 0% used [0x00000000ff380000,0x00000000ff380000,0x0000000100000000)
 ParOldGen       total 175104K, used 16753K [0x00000000e0000000, 0x00000000eab00000, 0x00000000f5580000)
  object space 175104K, 9% used [0x00000000e0000000,0x00000000e105c498,0x00000000eab00000)
 Metaspace       used 37963K, capacity 39770K, committed 40064K, reserved 1083392K
  class space    used 5330K, capacity 5709K, committed 5760K, reserved 1048576K
Event: 9.864 GC heap after
Heap after GC invocations=10 (full 2):
 PSYoungGen      total 161792K, used 6227K [0x00000000f5580000, 0x0000000100000000, 0x0000000100000000)
  eden space 148992K, 0% used [0x00000000f5580000,0x00000000f5580000,0x00000000fe700000)
  from space 12800K, 48% used [0x00000000ff380000,0x00000000ff994f90,0x0000000100000000)
  to   space 12800K, 0% used [0x00000000fe700000,0x00000000fe700000,0x00000000ff380000)
 ParOldGen       total 175104K, used 16761K [0x00000000e0000000, 0x00000000eab00000, 0x00000000f5580000)
  object space 175104K, 9% used [0x00000000e0000000,0x00000000e105e498,0x00000000eab00000)
 Metaspace       used 37963K, capacity 39770K, committed 40064K, reserved 1083392K
  class space    used 5330K, capacity 5709K, committed 5760K, reserved 1048576K
}
Event: 11.244 GC heap before
{Heap before GC invocations=11 (full 2):
 PSYoungGen      total 161792K, used 155219K [0x00000000f5580000, 0x0000000100000000, 0x0000000100000000)
  eden space 148992K, 100% used [0x00000000f5580000,0x00000000fe700000,0x00000000fe700000)
  from space 12800K, 48% used [0x00000000ff380000,0x00000000ff994f90,0x0000000100000000)
  to   space 12800K, 0% used [0x00000000fe700000,0x00000000fe700000,0x00000000ff380000)
 ParOldGen       total 175104K, used 16761K [0x00000000e0000000, 0x00000000eab00000, 0x00000000f5580000)
  object space 175104K, 9% used [0x00000000e0000000,0x00000000e105e498,0x00000000eab00000)
 Metaspace       used 51368K, capacity 53676K, committed 54016K, reserved 1095680K
  class space    used 7049K, capacity 7562K, committed 7680K, reserved 1048576K
Event: 11.257 GC heap after
Heap after GC invocations=11 (full 2):
 PSYoungGen      total 161792K, used 12783K [0x00000000f5580000, 0x0000000100000000, 0x0000000100000000)
  eden space 148992K, 0% used [0x00000000f5580000,0x00000000f5580000,0x00000000fe700000)
  from space 12800K, 99% used [0x00000000fe700000,0x00000000ff37bca8,0x00000000ff380000)
  to   space 12800K, 0% used [0x00000000ff380000,0x00000000ff380000,0x0000000100000000)
 ParOldGen       total 175104K, used 24835K [0x00000000e0000000, 0x00000000eab00000, 0x00000000f5580000)
  object space 175104K, 14% used [0x00000000e0000000,0x00000000e1840d20,0x00000000eab00000)
 Metaspace       used 51368K, capacity 53676K, committed 54016K, reserved 1095680K
  class space    used 7049K, capacity 7562K, committed 7680K, reserved 1048576K
}
Event: 14.882 GC heap before
{Heap before GC invocations=12 (full 2):
 PSYoungGen      total 161792K, used 97325K [0x00000000f5580000, 0x0000000100000000, 0x0000000100000000)
  eden space 148992K, 56% used [0x00000000f5580000,0x00000000fa80f9e0,0x00000000fe700000)
  from space 12800K, 99% used [0x00000000fe700000,0x00000000ff37bca8,0x00000000ff380000)
  to   space 12800K, 0% used [0x00000000ff380000,0x00000000ff380000,0x0000000100000000)
 ParOldGen       total 175104K, used 24835K [0x00000000e0000000, 0x00000000eab00000, 0x00000000f5580000)
  object space 175104K, 14% used [0x00000000e0000000,0x00000000e1840d20,0x00000000eab00000)
 Metaspace       used 56158K, capacity 58880K, committed 59136K, reserved 1099776K
  class space    used 7840K, capacity 8420K, committed 8448K, reserved 1048576K
Event: 14.894 GC heap after
Heap after GC invocations=12 (full 2):
 PSYoungGen      total 146432K, used 12788K [0x00000000f5580000, 0x0000000100000000, 0x0000000100000000)
  eden space 133632K, 0% used [0x00000000f5580000,0x00000000f5580000,0x00000000fd800000)
  from space 12800K, 99% used [0x00000000ff380000,0x00000000ffffd0f8,0x0000000100000000)
  to   space 20480K, 0% used [0x00000000fd800000,0x00000000fd800000,0x00000000fec00000)
 ParOldGen       total 175104K, used 32931K [0x00000000e0000000, 0x00000000eab00000, 0x00000000f5580000)
  object space 175104K, 18% used [0x00000000e0000000,0x00000000e2028e10,0x00000000eab00000)
 Metaspace       used 56158K, capacity 58880K, committed 59136K, reserved 1099776K
  class space    used 7840K, capacity 8420K, committed 8448K, reserved 1048576K
}
Event: 14.895 GC heap before
{Heap before GC invocations=13 (full 3):
 PSYoungGen      total 146432K, used 12788K [0x00000000f5580000, 0x0000000100000000, 0x0000000100000000)
  eden space 133632K, 0% used [0x00000000f5580000,0x00000000f5580000,0x00000000fd800000)
  from space 12800K, 99% used [0x00000000ff380000,0x00000000ffffd0f8,0x0000000100000000)
  to   space 20480K, 0% used [0x00000000fd800000,0x00000000fd800000,0x00000000fec00000)
 ParOldGen       total 175104K, used 32931K [0x00000000e0000000, 0x00000000eab00000, 0x00000000f5580000)
  object space 175104K, 18% used [0x00000000e0000000,0x00000000e2028e10,0x00000000eab00000)
 Metaspace       used 56158K, capacity 58880K, committed 59136K, reserved 1099776K
  class space    used 7840K, capacity 8420K, committed 8448K, reserved 1048576K
Event: 15.098 GC heap after
Heap after GC invocations=13 (full 3):
 PSYoungGen      total 146432K, used 0K [0x00000000f5580000, 0x0000000100000000, 0x0000000100000000)
  eden space 133632K, 0% used [0x00000000f5580000,0x00000000f5580000,0x00000000fd800000)
  from space 12800K, 0% used [0x00000000ff380000,0x00000000ff380000,0x0000000100000000)
  to   space 20480K, 0% used [0x00000000fd800000,0x00000000fd800000,0x00000000fec00000)
 ParOldGen       total 186880K, used 36003K [0x00000000e0000000, 0x00000000eb680000, 0x00000000f5580000)
  object space 186880K, 19% used [0x00000000e0000000,0x00000000e2328d70,0x00000000eb680000)
 Metaspace       used 56102K, capacity 58694K, committed 59136K, reserved 1099776K
  class space    used 7822K, capacity 8389K, committed 8448K, reserved 1048576K
}
Event: 17.249 GC heap before
{Heap before GC invocations=14 (full 3):
 PSYoungGen      total 146432K, used 133632K [0x00000000f5580000, 0x0000000100000000, 0x0000000100000000)
  eden space 133632K, 100% used [0x00000000f5580000,0x00000000fd800000,0x00000000fd800000)
  from space 12800K, 0% used [0x00000000ff380000,0x00000000ff380000,0x0000000100000000)
  to   space 20480K, 0% used [0x00000000fd800000,0x00000000fd800000,0x00000000fec00000)
 ParOldGen       total 186880K, used 36003K [0x00000000e0000000, 0x00000000eb680000, 0x00000000f5580000)
  object space 186880K, 19% used [0x00000000e0000000,0x00000000e2328d70,0x00000000eb680000)
 Metaspace       used 63089K, capacity 66482K, committed 66688K, reserved 1105920K
  class space    used 8950K, capacity 9732K, committed 9856K, reserved 1048576K
Event: 17.258 GC heap after
Heap after GC invocations=14 (full 3):
 PSYoungGen      total 151040K, used 17303K [0x00000000f5580000, 0x0000000100000000, 0x0000000100000000)
  eden space 133632K, 0% used [0x00000000f5580000,0x00000000f5580000,0x00000000fd800000)
  from space 17408K, 99% used [0x00000000fd800000,0x00000000fe8e5e78,0x00000000fe900000)
  to   space 22016K, 0% used [0x00000000fea80000,0x00000000fea80000,0x0000000100000000)
 ParOldGen       total 186880K, used 36011K [0x00000000e0000000, 0x00000000eb680000, 0x00000000f5580000)
  object space 186880K, 19% used [0x00000000e0000000,0x00000000e232ad70,0x00000000eb680000)
 Metaspace       used 63089K, capacity 66482K, committed 66688K, reserved 1105920K
  class space    used 8950K, capacity 9732K, committed 9856K, reserved 1048576K
}

Deoptimization events (10 events):
Event: 17.738 Thread 0x0000022a14095000 Uncommon trap: reason=bimorphic action=maybe_recompile pc=0x0000022a00cdb4ac method=java.util.Arrays.binarySearch0([Ljava/lang/Object;IILjava/lang/Object;Ljava/util/Comparator;)I @ 48
Event: 17.738 Thread 0x0000022a14095000 Uncommon trap: reason=bimorphic action=maybe_recompile pc=0x0000022a00cdb4ac method=java.util.Arrays.binarySearch0([Ljava/lang/Object;IILjava/lang/Object;Ljava/util/Comparator;)I @ 48
Event: 17.738 Thread 0x0000022a14090800 Uncommon trap: reason=unstable_if action=reinterpret pc=0x0000022a01452088 method=org.gradle.internal.operations.logging.LoggingBuildOperationProgressBroadcaster.onOutput(Lorg/gradle/internal/logging/events/OutputEvent;)V @ 73
Event: 17.779 Thread 0x0000022a14095000 Uncommon trap: reason=unstable_if action=reinterpret pc=0x0000022a01349fe8 method=java.util.regex.Pattern$GroupTail.match(Ljava/util/regex/Matcher;ILjava/lang/CharSequence;)Z @ 73
Event: 17.780 Thread 0x0000022a14095000 Uncommon trap: reason=bimorphic action=maybe_recompile pc=0x0000022a01340a84 method=java.util.regex.Matcher.search(I)Z @ 86
Event: 17.781 Thread 0x0000022a14095000 Uncommon trap: reason=bimorphic action=maybe_recompile pc=0x0000022a01340a84 method=java.util.regex.Matcher.search(I)Z @ 86
Event: 17.781 Thread 0x0000022a14095000 Uncommon trap: reason=bimorphic action=maybe_recompile pc=0x0000022a01340a84 method=java.util.regex.Matcher.search(I)Z @ 86
Event: 17.781 Thread 0x0000022a14095000 Uncommon trap: reason=bimorphic action=maybe_recompile pc=0x0000022a01340a84 method=java.util.regex.Matcher.search(I)Z @ 86
Event: 17.821 Thread 0x0000022a14095000 Uncommon trap: reason=null_check action=make_not_entrant pc=0x0000022a0151f470 method=org.gradle.internal.instantiation.generator.AbstractClassGenerator$PropertyMetadata.addGetter(Lorg/gradle/internal/instantiation/generator/AbstractClassGenerator$MethodM
Event: 17.872 Thread 0x0000022a14095000 Uncommon trap: reason=unstable_if action=reinterpret pc=0x0000022a01354d14 method=com.sun.org.apache.xerces.internal.impl.XMLEntityScanner.skipSpaces()Z @ 85

Classes redefined (0 events):
No events

Internal exceptions (10 events):
Event: 16.937 Thread 0x0000022a15990800 Exception <a 'sun/nio/fs/WindowsException'> (0x00000000fb64a0e0) thrown at [C:\jenkins\workspace\8-2-build-windows-amd64-cygwin\jdk8u281\880\hotspot\src\share\vm\prims\jni.cpp, line 710]
Event: 16.971 Thread 0x0000022a15990800 Exception <a 'java/lang/ClassNotFoundException': com/sun/org/glassfish/hk2/osgiresourcelocator/ServiceLoader> (0x00000000fba53310) thrown at [C:\jenkins\workspace\8-2-build-windows-amd64-cygwin\jdk8u281\880\hotspot\src\share\vm\classfile\systemDictionary.
Event: 17.002 Thread 0x0000022a15990800 Exception <a 'java/lang/NullPointerException'> (0x00000000fbebd318) thrown at [C:\jenkins\workspace\8-2-build-windows-amd64-cygwin\jdk8u281\880\hotspot\src\share\vm\interpreter\linkResolver.cpp, line 1287]
Event: 17.698 Thread 0x0000022a15990800 Implicit null exception at 0x0000022a01506cd0 to 0x0000022a01507ac1
Event: 17.784 Thread 0x0000022a14095000 Exception <a 'java/lang/ClassNotFoundException': groovy/util/FileTreeBuilderBeanInfo> (0x00000000f91e6508) thrown at [C:\jenkins\workspace\8-2-build-windows-amd64-cygwin\jdk8u281\880\hotspot\src\share\vm\classfile\systemDictionary.cpp, line 212]
Event: 17.784 Thread 0x0000022a14095000 Exception <a 'java/lang/ClassNotFoundException': groovy/util/FileTreeBuilderCustomizer> (0x00000000f920c440) thrown at [C:\jenkins\workspace\8-2-build-windows-amd64-cygwin\jdk8u281\880\hotspot\src\share\vm\classfile\systemDictionary.cpp, line 212]
Event: 17.787 Thread 0x0000022a14095000 Exception <a 'java/lang/ClassNotFoundException': java/io/BufferedWriterBeanInfo> (0x00000000f92595b0) thrown at [C:\jenkins\workspace\8-2-build-windows-amd64-cygwin\jdk8u281\880\hotspot\src\share\vm\classfile\systemDictionary.cpp, line 212]
Event: 17.787 Thread 0x0000022a14095000 Exception <a 'java/lang/ClassNotFoundException': java/io/WriterBeanInfo> (0x00000000f925cf38) thrown at [C:\jenkins\workspace\8-2-build-windows-amd64-cygwin\jdk8u281\880\hotspot\src\share\vm\classfile\systemDictionary.cpp, line 212]
Event: 17.787 Thread 0x0000022a14095000 Exception <a 'java/lang/ClassNotFoundException': java/io/WriterCustomizer> (0x00000000f9260958) thrown at [C:\jenkins\workspace\8-2-build-windows-amd64-cygwin\jdk8u281\880\hotspot\src\share\vm\classfile\systemDictionary.cpp, line 212]
Event: 17.788 Thread 0x0000022a14095000 Exception <a 'java/lang/ClassNotFoundException': java/io/BufferedWriterCustomizer> (0x00000000f926be38) thrown at [C:\jenkins\workspace\8-2-build-windows-amd64-cygwin\jdk8u281\880\hotspot\src\share\vm\classfile\systemDictionary.cpp, line 212]

Events (10 events):
Event: 17.874 loading class org/gradle/internal/execution/AfterPreviousExecutionContext
Event: 17.874 loading class org/gradle/internal/execution/AfterPreviousExecutionContext done
Event: 17.874 loading class org/gradle/internal/operations/BuildOperationContext
Event: 17.874 loading class org/gradle/internal/operations/BuildOperationContext done
Event: 17.874 loading class org/gradle/internal/execution/steps/CaptureStateBeforeExecutionStep
Event: 17.874 loading class org/gradle/internal/execution/steps/CaptureStateBeforeExecutionStep done
Event: 17.874 loading class org/gradle/internal/execution/steps/CaptureStateBeforeExecutionStep$Operation$Details
Event: 17.874 loading class org/gradle/internal/execution/steps/CaptureStateBeforeExecutionStep$Operation$Details done
Event: 17.874 loading class org/gradle/internal/execution/steps/CaptureStateBeforeExecutionStep$Operation$Details$1
Event: 17.874 loading class org/gradle/internal/execution/steps/CaptureStateBeforeExecutionStep$Operation$Details$1 done


Dynamic libraries:
0x00007ff774310000 - 0x00007ff774357000 	C:\Program Files\Java\jdk1.8.0_281\bin\java.exe
0x00007ffca0a60000 - 0x00007ffca0c50000 	C:\WINDOWS\SYSTEM32\ntdll.dll
0x00007ffca0070000 - 0x00007ffca0122000 	C:\WINDOWS\System32\KERNEL32.DLL
0x00007ffc9e630000 - 0x00007ffc9e8d4000 	C:\WINDOWS\System32\KERNELBASE.dll
0x00007ffc9f710000 - 0x00007ffc9f7b3000 	C:\WINDOWS\System32\ADVAPI32.dll
0x00007ffc9ef70000 - 0x00007ffc9f00e000 	C:\WINDOWS\System32\msvcrt.dll
0x00007ffca07b0000 - 0x00007ffca0847000 	C:\WINDOWS\System32\sechost.dll
0x00007ffca0690000 - 0x00007ffca07b0000 	C:\WINDOWS\System32\RPCRT4.dll
0x00007ffc9ec70000 - 0x00007ffc9ee05000 	C:\WINDOWS\System32\USER32.dll
0x00007ffc9e600000 - 0x00007ffc9e621000 	C:\WINDOWS\System32\win32u.dll
0x00007ffc9eb10000 - 0x00007ffc9eb36000 	C:\WINDOWS\System32\GDI32.dll
0x00007ffc9e3b0000 - 0x00007ffc9e546000 	C:\WINDOWS\System32\gdi32full.dll
0x00007ffc9e2e0000 - 0x00007ffc9e37e000 	C:\WINDOWS\System32\msvcp_win.dll
0x00007ffc9e9b0000 - 0x00007ffc9eaaa000 	C:\WINDOWS\System32\ucrtbase.dll
0x00007ffc94670000 - 0x00007ffc948f4000 	C:\WINDOWS\WinSxS\amd64_microsoft.windows.common-controls_6595b64144ccf1df_6.0.18362.1016_none_9e7a36bbe461dae4\COMCTL32.dll
0x00007ffc9f010000 - 0x00007ffc9f345000 	C:\WINDOWS\System32\combase.dll
0x00007ffc9e930000 - 0x00007ffc9e9b0000 	C:\WINDOWS\System32\bcryptPrimitives.dll
0x00007ffc9f880000 - 0x00007ffc9f8ae000 	C:\WINDOWS\System32\IMM32.DLL
0x00007ffc963e0000 - 0x00007ffc963f5000 	C:\Program Files\Java\jdk1.8.0_281\jre\bin\vcruntime140.dll
0x00007ffc72720000 - 0x00007ffc727bb000 	C:\Program Files\Java\jdk1.8.0_281\jre\bin\msvcp140.dll
0x0000000057d00000 - 0x000000005855f000 	C:\Program Files\Java\jdk1.8.0_281\jre\bin\server\jvm.dll
0x00007ffc9f700000 - 0x00007ffc9f708000 	C:\WINDOWS\System32\PSAPI.DLL
0x00007ffc837d0000 - 0x00007ffc837d9000 	C:\WINDOWS\SYSTEM32\WSOCK32.dll
0x00007ffc9f910000 - 0x00007ffc9f97f000 	C:\WINDOWS\System32\WS2_32.dll
0x00007ffc9b860000 - 0x00007ffc9b884000 	C:\WINDOWS\SYSTEM32\WINMM.dll
0x00007ffc985a0000 - 0x00007ffc985aa000 	C:\WINDOWS\SYSTEM32\VERSION.dll
0x00007ffc9b3e0000 - 0x00007ffc9b40d000 	C:\WINDOWS\SYSTEM32\winmmbase.dll
0x00007ffc9e8e0000 - 0x00007ffc9e92a000 	C:\WINDOWS\System32\cfgmgr32.dll
0x00007ffc9d9c0000 - 0x00007ffc9d9d1000 	C:\WINDOWS\System32\kernel.appcore.dll
0x00007ffc8bde0000 - 0x00007ffc8bdf0000 	C:\Program Files\Java\jdk1.8.0_281\jre\bin\verify.dll
0x00007ffc80400000 - 0x00007ffc8042b000 	C:\Program Files\Java\jdk1.8.0_281\jre\bin\java.dll
0x00007ffc83cd0000 - 0x00007ffc83ce8000 	C:\Program Files\Java\jdk1.8.0_281\jre\bin\zip.dll
0x00007ffc9f980000 - 0x00007ffca0067000 	C:\WINDOWS\System32\SHELL32.dll
0x00007ffc9f3d0000 - 0x00007ffc9f479000 	C:\WINDOWS\System32\shcore.dll
0x00007ffc9db50000 - 0x00007ffc9e2d2000 	C:\WINDOWS\System32\windows.storage.dll
0x00007ffc9d970000 - 0x00007ffc9d993000 	C:\WINDOWS\System32\profapi.dll
0x00007ffc9d920000 - 0x00007ffc9d96a000 	C:\WINDOWS\System32\powrprof.dll
0x00007ffc9d910000 - 0x00007ffc9d920000 	C:\WINDOWS\System32\UMPDC.dll
0x00007ffc9f8b0000 - 0x00007ffc9f902000 	C:\WINDOWS\System32\shlwapi.dll
0x00007ffc9db30000 - 0x00007ffc9db47000 	C:\WINDOWS\System32\cryptsp.dll
0x00007ffc809b0000 - 0x00007ffc809cc000 	C:\Program Files\Java\jdk1.8.0_281\jre\bin\net.dll
0x00007ffc9d170000 - 0x00007ffc9d1d7000 	C:\WINDOWS\system32\mswsock.dll
0x00007ffc7f870000 - 0x00007ffc7f883000 	C:\Program Files\Java\jdk1.8.0_281\jre\bin\nio.dll
0x00007ffc7f190000 - 0x00007ffc7f1b6000 	C:\Users\¹®±Ô\.gradle\native\fdc75f09e3144964f2cf3f50f0aa648679c211496f362492102eb8c894070792\windows-amd64\native-platform.dll
0x00007ffc68c50000 - 0x00007ffc68de1000 	C:\Users\¹®±Ô\.gradle\native\12488b8bf47d2d4c9fbf2f6322a914ad602e24e48041cd04a747c6da556b65c4\windows-amd64\native-platform-file-events.dll
0x00007ffc84d80000 - 0x00007ffc84d8d000 	C:\Program Files\Java\jdk1.8.0_281\jre\bin\management.dll
0x00007ffc9cce0000 - 0x00007ffc9cd13000 	C:\WINDOWS\system32\rsaenh.dll
0x00007ffc9e380000 - 0x00007ffc9e3a6000 	C:\WINDOWS\System32\bcrypt.dll
0x00007ffc9d830000 - 0x00007ffc9d855000 	C:\WINDOWS\SYSTEM32\USERENV.dll
0x00007ffc9d340000 - 0x00007ffc9d34c000 	C:\WINDOWS\SYSTEM32\CRYPTBASE.dll
0x00007ffc9ce80000 - 0x00007ffc9ceba000 	C:\WINDOWS\SYSTEM32\IPHLPAPI.DLL
0x00007ffca0a10000 - 0x00007ffca0a18000 	C:\WINDOWS\System32\NSI.dll
0x00007ffc98a90000 - 0x00007ffc98aa6000 	C:\WINDOWS\SYSTEM32\dhcpcsvc6.DLL
0x00007ffc98760000 - 0x00007ffc9877c000 	C:\WINDOWS\SYSTEM32\dhcpcsvc.DLL
0x00007ffc9cec0000 - 0x00007ffc9cf8b000 	C:\WINDOWS\SYSTEM32\DNSAPI.dll
0x00007ffc99110000 - 0x00007ffc9911b000 	C:\WINDOWS\SYSTEM32\WINNSI.DLL
0x00007ffc866f0000 - 0x00007ffc868e4000 	C:\WINDOWS\SYSTEM32\dbghelp.dll

VM Arguments:
jvm_args: -XX:MaxMetaspaceSize=256m -XX:+HeapDumpOnOutOfMemoryError -Xms256m -Xmx512m -Dfile.encoding=x-windows-949 -Duser.country=KR -Duser.language=ko -Duser.variant 
java_command: org.gradle.launcher.daemon.bootstrap.GradleDaemon 6.7
java_class_path (initial): C:\Users\¹®±Ô\.gradle\wrapper\dists\gradle-6.7-all\cuy9mc7upwgwgeb72wkcrupxe\gradle-6.7\lib\gradle-launcher-6.7.jar
Launcher Type: SUN_STANDARD

Environment Variables:
JAVA_HOME=C:\Program Files\Java\jdk1.8.0_281
CLASSPATH=D:\localsharing\android\\gradle\wrapper\gradle-wrapper.jar
PATH=D:\localsharing\android\node_modules\.bin;D:\localsharing\node_modules\.bin;D:\node_modules\.bin;C:\Program Files\nodejs;C:\Program Files\Common Files\Oracle\Java\javapath;C:\Program Files (x86)\Common Files\Oracle\Java\javapath;C:\Python39\Scripts\;C:\Python39\;C:\oraclexe\app\oracle\product\11.2.0\server\bin;C:\Program Files (x86)\NAT Service;C:\WINDOWS\system32;C:\WINDOWS;C:\WINDOWS\System32\Wbem;C:\WINDOWS\System32\WindowsPowerShell\v1.0\;C:\WINDOWS\System32\OpenSSH\;C:\Program Files\Java\jdk1.8.0_281\bin;C:\AndroidStudio\Sdk\platform-tools;C:\AndroidStudio\Sdk\tools;C:\Program Files\nodejs\;C:\ProgramData\chocolatey\bin;C:\Program Files\Java\;C:\Program Files\Java\jdk1.8.0_281\bin;C:\Program Files (x86)\Yarn\bin\;C:\anaconda3;C:\anaconda3\Library\mingw-w64\bin;C:\anaconda3\Library\usr\bin;C:\anaconda3\Library\bin;C:\anaconda3\Scripts;C:\Users\¹®±Ô\AppData\Local\Programs\Python\Python37\Scripts\;C:\Users\¹®±Ô\AppData\Local\Programs\Python\Python37\;C:\Users\¹®±Ô\AppData\Local\Microsoft\WindowsApps;C:\Program Files\Bandizip\;C:\Users\¹®±Ô\AppData\Local\Programs\Microsoft VS Code\bin;C:\Users\¹®±Ô\AppData\Local\GitHubDesktop\bin;C:\Users\¹®±Ô\AppData\Local\atom\bin;C:\Users\¹®±Ô\AppData\Roaming\npm;C:\Users\¹®±Ô\AppData\Local\Yarn\bin
USERNAME=jojaehyun
OS=Windows_NT
PROCESSOR_IDENTIFIER=AMD64 Family 23 Model 1 Stepping 1, AuthenticAMD



---------------  S Y S T E M  ---------------

OS: Windows 10.0 , 64 bit Build 18362 (10.0.18362.959)

CPU:total 12 (initial active 12) (12 cores per cpu, 1 threads per core) family 23 model 1 stepping 1, cmov, cx8, fxsr, mmx, sse, sse2, sse3, ssse3, sse4.1, sse4.2, popcnt, avx, avx2, aes, clmul, mmxext, 3dnowpref, lzcnt, sse4a, tsc, tscinvbit, tscinv, bmi1

Memory: 4k page, physical 16727396k(5082656k free), swap 16727396k(5120k free)

vm_info: Java HotSpot(TM) 64-Bit Server VM (25.281-b09) for windows-amd64 JRE (1.8.0_281-b09), built on Dec  9 2020 13:54:07 by "" with MS VC++ 15.9 (VS2017)

time: Mon Apr 12 17:21:56 2021
timezone: ¢¥eCN©öI¡¾©ö C¡ÍA¨ª¨öA
elapsed time: 17.923280 seconds (0d 0h 0m 17s)

