#
# There is insufficient memory for the Java Runtime Environment to continue.
# Native memory allocation (malloc) failed to allocate 40592 bytes for Chunk::new
# Possible reasons:
#   The system is out of physical RAM or swap space
#   The process is running with CompressedOops enabled, and the Java Heap may be blocking the growth of the native heap
# Possible solutions:
#   Reduce memory load on the system
#   Increase physical memory or swap space
#   Check if swap backing store is full
#   Decrease Java heap size (-Xmx/-Xms)
#   Decrease number of Java threads
#   Decrease Java thread stack sizes (-Xss)
#   Set larger code cache with -XX:ReservedCodeCacheSize=
#   JVM is running with Unscaled Compressed Oops mode in which the Java heap is
#     placed in the first 4GB address space. The Java Heap base address is the
#     maximum limit for the native heap growth. Please use -XX:HeapBaseMinAddress
#     to set the Java Heap base and to place the Java Heap above 4GB virtual address.
# This output file may be truncated or incomplete.
#
#  Out of Memory Error (allocation.cpp:389), pid=12816, tid=0x00000000000033c0
#
# JRE version: OpenJDK Runtime Environment (8.0_282-b08) (build 1.8.0_282-b08)
# Java VM: OpenJDK 64-Bit Server VM (25.282-b08 mixed mode windows-amd64 compressed oops)
# Failed to write core dump. Minidumps are not enabled by default on client versions of Windows
#

---------------  T H R E A D  ---------------

Current thread (0x00000000140d6800):  JavaThread "C2 CompilerThread0" daemon [_thread_in_native, id=13248, stack(0x0000000015a80000,0x0000000015b80000)]

Stack: [0x0000000015a80000,0x0000000015b80000]
[error occurred during error reporting (printing stack bounds), id 0xc0000005]

Native frames: (J=compiled Java code, j=interpreted, Vv=VM code, C=native code)


Current CompileTask:
C2:  16973 4238       4       org.gradle.internal.reflect.MethodSet::add (50 bytes)


---------------  P R O C E S S  ---------------

Java Threads: ( => current thread )
  0x000000001bb1c800 JavaThread "pool-1-thread-1" [_thread_blocked, id=30372, stack(0x0000000024ce0000,0x0000000024de0000)]
  0x000000001bb1a800 JavaThread "jar transforms Thread 92" [_thread_blocked, id=12788, stack(0x00000000249e0000,0x0000000024ae0000)]
  0x000000001bb1d000 JavaThread "jar transforms Thread 91" [_thread_blocked, id=26116, stack(0x00000000248e0000,0x00000000249e0000)]
  0x000000001bb20000 JavaThread "jar transforms Thread 90" [_thread_blocked, id=17260, stack(0x00000000247e0000,0x00000000248e0000)]
  0x000000001bb1e800 JavaThread "jar transforms Thread 89" [_thread_blocked, id=15940, stack(0x00000000246e0000,0x00000000247e0000)]
  0x000000001bb1b800 JavaThread "jar transforms Thread 88" [_thread_blocked, id=23156, stack(0x00000000245e0000,0x00000000246e0000)]
  0x000000001bb1f800 JavaThread "jar transforms Thread 87" [_thread_blocked, id=5156, stack(0x00000000244e0000,0x00000000245e0000)]
  0x000000001bb13800 JavaThread "jar transforms Thread 86" [_thread_blocked, id=21912, stack(0x00000000243e0000,0x00000000244e0000)]
  0x000000001bb16000 JavaThread "jar transforms Thread 85" [_thread_blocked, id=28792, stack(0x00000000241e0000,0x00000000242e0000)]
  0x000000001bb13000 JavaThread "jar transforms Thread 84" [_thread_blocked, id=20204, stack(0x00000000240e0000,0x00000000241e0000)]
  0x000000001bb15000 JavaThread "jar transforms Thread 83" [_thread_blocked, id=15256, stack(0x0000000023fe0000,0x00000000240e0000)]
  0x000000001bb1a000 JavaThread "jar transforms Thread 82" [_thread_blocked, id=29620, stack(0x0000000023ee0000,0x0000000023fe0000)]
  0x000000001bb12000 JavaThread "jar transforms Thread 81" [_thread_blocked, id=27920, stack(0x0000000023de0000,0x0000000023ee0000)]
  0x000000001bb17000 JavaThread "jar transforms Thread 80" [_thread_blocked, id=12128, stack(0x0000000023ce0000,0x0000000023de0000)]
  0x000000001bb14800 JavaThread "jar transforms Thread 79" [_thread_blocked, id=4152, stack(0x0000000023be0000,0x0000000023ce0000)]
  0x000000001bb19000 JavaThread "jar transforms Thread 78" [_thread_blocked, id=8680, stack(0x0000000023ae0000,0x0000000023be0000)]
  0x000000001bb11800 JavaThread "jar transforms Thread 77" [_thread_blocked, id=15528, stack(0x00000000239e0000,0x0000000023ae0000)]
  0x000000001bb17800 JavaThread "jar transforms Thread 76" [_thread_blocked, id=22412, stack(0x00000000238e0000,0x00000000239e0000)]
  0x000000001bb18800 JavaThread "jar transforms Thread 75" [_thread_blocked, id=17208, stack(0x00000000237e0000,0x00000000238e0000)]
  0x000000001bc77000 JavaThread "jar transforms Thread 74" [_thread_blocked, id=26032, stack(0x00000000236e0000,0x00000000237e0000)]
  0x000000001bc75000 JavaThread "jar transforms Thread 73" [_thread_blocked, id=4308, stack(0x00000000235e0000,0x00000000236e0000)]
  0x000000001bc79800 JavaThread "jar transforms Thread 72" [_thread_blocked, id=7472, stack(0x00000000234e0000,0x00000000235e0000)]
  0x000000001bc75800 JavaThread "jar transforms Thread 71" [_thread_blocked, id=9744, stack(0x00000000233e0000,0x00000000234e0000)]
  0x000000001bc74000 JavaThread "jar transforms Thread 70" [_thread_blocked, id=23332, stack(0x00000000232e0000,0x00000000233e0000)]
  0x000000001bc73000 JavaThread "jar transforms Thread 69" [_thread_blocked, id=28944, stack(0x00000000231e0000,0x00000000232e0000)]
  0x000000001bc78800 JavaThread "jar transforms Thread 68" [_thread_blocked, id=11884, stack(0x00000000230e0000,0x00000000231e0000)]
  0x000000001bc78000 JavaThread "jar transforms Thread 67" [_thread_blocked, id=21780, stack(0x0000000022fe0000,0x00000000230e0000)]
  0x000000001bc76800 JavaThread "jar transforms Thread 66" [_thread_blocked, id=16016, stack(0x0000000022ee0000,0x0000000022fe0000)]
  0x000000001bc6b800 JavaThread "jar transforms Thread 65" [_thread_blocked, id=16288, stack(0x0000000022de0000,0x0000000022ee0000)]
  0x000000001bc72800 JavaThread "jar transforms Thread 64" [_thread_blocked, id=23892, stack(0x0000000022ce0000,0x0000000022de0000)]
  0x000000001bc6a800 JavaThread "jar transforms Thread 63" [_thread_blocked, id=23548, stack(0x0000000022be0000,0x0000000022ce0000)]
  0x000000001bc6c000 JavaThread "jar transforms Thread 62" [_thread_blocked, id=14084, stack(0x0000000022ae0000,0x0000000022be0000)]
  0x000000001bc70000 JavaThread "jar transforms Thread 61" [_thread_blocked, id=15020, stack(0x00000000229e0000,0x0000000022ae0000)]
  0x000000001bc71000 JavaThread "jar transforms Thread 60" [_thread_blocked, id=10672, stack(0x00000000228e0000,0x00000000229e0000)]
  0x000000001bc6f800 JavaThread "jar transforms Thread 59" [_thread_blocked, id=25776, stack(0x00000000227e0000,0x00000000228e0000)]
  0x000000001bc6e800 JavaThread "jar transforms Thread 58" [_thread_blocked, id=17804, stack(0x00000000226e0000,0x00000000227e0000)]
  0x000000001bc71800 JavaThread "jar transforms Thread 57" [_thread_blocked, id=10792, stack(0x00000000225e0000,0x00000000226e0000)]
  0x000000001bc6d000 JavaThread "jar transforms Thread 56" [_thread_blocked, id=2620, stack(0x00000000224e0000,0x00000000225e0000)]
  0x000000001bc6d800 JavaThread "jar transforms Thread 55" [_thread_blocked, id=15608, stack(0x00000000223e0000,0x00000000224e0000)]
  0x0000000018f4b800 JavaThread "jar transforms Thread 54" [_thread_blocked, id=5884, stack(0x00000000222e0000,0x00000000223e0000)]
  0x0000000018f4a000 JavaThread "jar transforms Thread 53" [_thread_blocked, id=9192, stack(0x00000000221e0000,0x00000000222e0000)]
  0x0000000018f4d000 JavaThread "jar transforms Thread 52" [_thread_blocked, id=12736, stack(0x00000000220e0000,0x00000000221e0000)]
  0x0000000018f4b000 JavaThread "jar transforms Thread 51" [_thread_blocked, id=28188, stack(0x0000000021fe0000,0x00000000220e0000)]
  0x0000000018f49800 JavaThread "jar transforms Thread 50" [_thread_blocked, id=26968, stack(0x0000000021ee0000,0x0000000021fe0000)]
  0x0000000018f48800 JavaThread "jar transforms Thread 49" [_thread_blocked, id=10028, stack(0x0000000021de0000,0x0000000021ee0000)]
  0x0000000018f47800 JavaThread "jar transforms Thread 48" [_thread_blocked, id=4320, stack(0x0000000021ce0000,0x0000000021de0000)]
  0x0000000018f4c800 JavaThread "jar transforms Thread 47" [_thread_blocked, id=5408, stack(0x0000000021be0000,0x0000000021ce0000)]
  0x0000000018f47000 JavaThread "jar transforms Thread 46" [_thread_blocked, id=15760, stack(0x0000000021ae0000,0x0000000021be0000)]
  0x0000000018f3f000 JavaThread "jar transforms Thread 45" [_thread_blocked, id=29372, stack(0x00000000219e0000,0x0000000021ae0000)]
  0x0000000018f46000 JavaThread "jar transforms Thread 44" [_thread_blocked, id=26388, stack(0x00000000218e0000,0x00000000219e0000)]
  0x0000000018f44000 JavaThread "jar transforms Thread 43" [_thread_blocked, id=18696, stack(0x00000000217e0000,0x00000000218e0000)]
  0x0000000018f43000 JavaThread "jar transforms Thread 42" [_thread_blocked, id=7580, stack(0x00000000216e0000,0x00000000217e0000)]
  0x0000000018f3e800 JavaThread "jar transforms Thread 41" [_thread_blocked, id=10276, stack(0x00000000215e0000,0x00000000216e0000)]
  0x0000000018f40800 JavaThread "jar transforms Thread 40" [_thread_blocked, id=30148, stack(0x00000000214e0000,0x00000000215e0000)]
  0x0000000018f45800 JavaThread "jar transforms Thread 39" [_thread_blocked, id=10520, stack(0x00000000213e0000,0x00000000214e0000)]
  0x0000000018f44800 JavaThread "jar transforms Thread 38" [_thread_blocked, id=21256, stack(0x00000000212e0000,0x00000000213e0000)]
  0x0000000018f42000 JavaThread "jar transforms Thread 37" [_thread_blocked, id=17096, stack(0x00000000211e0000,0x00000000212e0000)]
  0x0000000018f41800 JavaThread "jar transforms Thread 36" [_thread_blocked, id=13288, stack(0x00000000210e0000,0x00000000211e0000)]
  0x0000000018f40000 JavaThread "jar transforms Thread 35" [_thread_blocked, id=18868, stack(0x0000000020fe0000,0x00000000210e0000)]
  0x000000001cbb9000 JavaThread "jar transforms Thread 34" [_thread_blocked, id=20076, stack(0x0000000020ee0000,0x0000000020fe0000)]
  0x000000001cbb7800 JavaThread "jar transforms Thread 33" [_thread_blocked, id=2204, stack(0x0000000020de0000,0x0000000020ee0000)]
  0x000000001cbb6800 JavaThread "jar transforms Thread 32" [_thread_blocked, id=18392, stack(0x0000000020ce0000,0x0000000020de0000)]
  0x000000001cbb6000 JavaThread "jar transforms Thread 31" [_thread_blocked, id=26568, stack(0x0000000020be0000,0x0000000020ce0000)]
  0x000000001cbb5000 JavaThread "jar transforms Thread 30" [_thread_blocked, id=16556, stack(0x0000000020ae0000,0x0000000020be0000)]
  0x000000001cbb8800 JavaThread "jar transforms Thread 29" [_thread_blocked, id=19144, stack(0x00000000209e0000,0x0000000020ae0000)]
  0x000000001cbba000 JavaThread "jar transforms Thread 28" [_thread_blocked, id=9832, stack(0x00000000208e0000,0x00000000209e0000)]
  0x000000001cbb4800 JavaThread "jar transforms Thread 27" [_thread_blocked, id=12456, stack(0x00000000207e0000,0x00000000208e0000)]
  0x000000001cbb3800 JavaThread "jar transforms Thread 26" [_thread_blocked, id=28712, stack(0x00000000206e0000,0x00000000207e0000)]
  0x000000001cbb3000 JavaThread "jar transforms Thread 25" [_thread_blocked, id=24100, stack(0x00000000205e0000,0x00000000206e0000)]
  0x000000001cbab000 JavaThread "jar transforms Thread 24" [_thread_blocked, id=29088, stack(0x00000000204e0000,0x00000000205e0000)]
  0x000000001cbb2000 JavaThread "jar transforms Thread 23" [_thread_blocked, id=17568, stack(0x00000000203e0000,0x00000000204e0000)]
  0x000000001cbb1000 JavaThread "jar transforms Thread 22" [_thread_blocked, id=18380, stack(0x00000000202e0000,0x00000000203e0000)]
  0x000000001cbb0800 JavaThread "jar transforms Thread 21" [_thread_blocked, id=14364, stack(0x00000000201e0000,0x00000000202e0000)]
  0x000000001cbac800 JavaThread "jar transforms Thread 20" [_thread_blocked, id=28696, stack(0x00000000200e0000,0x00000000201e0000)]
  0x000000001cbad800 JavaThread "jar transforms Thread 19" [_thread_blocked, id=2652, stack(0x000000001ffe0000,0x00000000200e0000)]
  0x000000001cbab800 JavaThread "jar transforms Thread 18" [_thread_blocked, id=12448, stack(0x000000001fee0000,0x000000001ffe0000)]
  0x000000001cbaf000 JavaThread "jar transforms Thread 17" [_thread_blocked, id=30172, stack(0x000000001fde0000,0x000000001fee0000)]
  0x000000001cbae000 JavaThread "jar transforms Thread 16" [_thread_blocked, id=23344, stack(0x000000001fce0000,0x000000001fde0000)]
  0x000000001cbaf800 JavaThread "jar transforms Thread 15" [_thread_blocked, id=17776, stack(0x000000001fbe0000,0x000000001fce0000)]
  0x0000000016668000 JavaThread "jar transforms Thread 14" [_thread_blocked, id=3560, stack(0x000000001fae0000,0x000000001fbe0000)]
  0x0000000016666800 JavaThread "jar transforms Thread 13" [_thread_blocked, id=24896, stack(0x000000001f9e0000,0x000000001fae0000)]
  0x0000000016666000 JavaThread "jar transforms Thread 12" [_thread_blocked, id=17944, stack(0x000000001f8e0000,0x000000001f9e0000)]
  0x0000000016667800 JavaThread "jar transforms Thread 11" [_thread_blocked, id=23188, stack(0x000000001f7e0000,0x000000001f8e0000)]
  0x0000000016665000 JavaThread "jar transforms Thread 10" [_thread_blocked, id=18528, stack(0x000000001f6e0000,0x000000001f7e0000)]
  0x0000000016664800 JavaThread "jar transforms Thread 9" [_thread_blocked, id=16444, stack(0x000000001f5e0000,0x000000001f6e0000)]
  0x0000000016663800 JavaThread "jar transforms Thread 8" [_thread_blocked, id=27620, stack(0x000000001f4e0000,0x000000001f5e0000)]
  0x0000000016662800 JavaThread "jar transforms Thread 7" [_thread_blocked, id=19800, stack(0x000000001f3e0000,0x000000001f4e0000)]
  0x000000001665b000 JavaThread "jar transforms Thread 6" [_thread_blocked, id=7324, stack(0x000000001f2e0000,0x000000001f3e0000)]
  0x0000000016662000 JavaThread "jar transforms Thread 5" [_thread_blocked, id=8384, stack(0x000000001f1e0000,0x000000001f2e0000)]
  0x000000001665a000 JavaThread "jar transforms Thread 4" [_thread_blocked, id=29888, stack(0x000000001f0e0000,0x000000001f1e0000)]
  0x0000000016661000 JavaThread "jar transforms Thread 3" [_thread_blocked, id=5196, stack(0x000000001efe0000,0x000000001f0e0000)]
  0x000000001665d000 JavaThread "jar transforms Thread 2" [_thread_blocked, id=15504, stack(0x000000001eee0000,0x000000001efe0000)]
  0x0000000016659800 JavaThread "Build operations Thread 4" [_thread_blocked, id=22864, stack(0x000000001ede0000,0x000000001eee0000)]
  0x000000001665b800 JavaThread "Build operations Thread 3" [_thread_blocked, id=3980, stack(0x000000001ece0000,0x000000001ede0000)]
  0x0000000016660800 JavaThread "Build operations Thread 2" [_thread_blocked, id=12660, stack(0x000000001e840000,0x000000001e940000)]
  0x000000001665c800 JavaThread "Build operations" [_thread_blocked, id=11760, stack(0x000000001e4d0000,0x000000001e5d0000)]
  0x000000001665f800 JavaThread "Cache worker for Build Output Cleanup Cache (C:\Users\U Seok\localsharing\localsharing\android\.gradle\buildOutputCleanup)" [_thread_blocked, id=28520, stack(0x000000001e9e0000,0x000000001eae0000)]
  0x00000000184c8800 JavaThread "Cache worker for file content cache (C:\Users\U Seok\.gradle\caches\6.7\fileContent)" [_thread_blocked, id=14200, stack(0x000000001dfd0000,0x000000001e0d0000)]
  0x00000000184c7000 JavaThread "jar transforms" [_thread_blocked, id=29132, stack(0x000000001ded0000,0x000000001dfd0000)]
  0x00000000184c6800 JavaThread "Cache worker for execution history cache (C:\Users\U Seok\.gradle\caches\6.7\executionHistory)" [_thread_blocked, id=23356, stack(0x000000001d7d0000,0x000000001d8d0000)]
  0x00000000184c5800 JavaThread "Cache worker for cache directory md-rule (C:\Users\U Seok\.gradle\caches\6.7\md-rule)" [_thread_blocked, id=2768, stack(0x000000001d6d0000,0x000000001d7d0000)]
  0x00000000184cc800 JavaThread "Cache worker for cache directory md-supplier (C:\Users\U Seok\.gradle\caches\6.7\md-supplier)" [_thread_blocked, id=7480, stack(0x000000001c2a0000,0x000000001c3a0000)]
  0x00000000184c8000 JavaThread "Cache worker for checksums cache (C:\Users\U Seok\localsharing\localsharing\android\.gradle\checksums)" [_thread_blocked, id=23900, stack(0x000000001c1a0000,0x000000001c2a0000)]
  0x00000000184cc000 JavaThread "Cache worker for file hash cache (C:\Users\U Seok\localsharing\localsharing\android\.gradle\6.7\fileHashes)" [_thread_blocked, id=26280, stack(0x000000001c0a0000,0x000000001c1a0000)]
  0x00000000184ca000 JavaThread "Cache worker for journal cache (C:\Users\U Seok\.gradle\caches\journal-1)" [_thread_blocked, id=29548, stack(0x000000001d3d0000,0x000000001d4d0000)]
  0x00000000184cb000 JavaThread "File lock request listener" [_thread_in_native, id=1188, stack(0x0000000019b00000,0x0000000019c00000)]
  0x00000000184c9800 JavaThread "Cache worker for file hash cache (C:\Users\U Seok\.gradle\caches\6.7\fileHashes)" [_thread_blocked, id=24940, stack(0x0000000019a00000,0x0000000019b00000)]
  0x00000000181dd800 JavaThread "Thread-9" [_thread_blocked, id=21012, stack(0x0000000019700000,0x0000000019800000)]
  0x00000000181e0000 JavaThread "Stdin handler" [_thread_blocked, id=16764, stack(0x0000000019600000,0x0000000019700000)]
  0x0000000018138800 JavaThread "Asynchronous log dispatcher for DefaultDaemonConnection: socket connection from /127.0.0.1:11574 to /127.0.0.1:11575" [_thread_blocked, id=8812, stack(0x0000000019500000,0x0000000019600000)]
  0x000000001774b800 JavaThread "Daemon worker" [_thread_in_Java, id=17228, stack(0x0000000019400000,0x0000000019500000)]
  0x000000001774a000 JavaThread "Cancel handler" [_thread_blocked, id=18516, stack(0x0000000019300000,0x0000000019400000)]
  0x0000000017747000 JavaThread "Handler for socket connection from /127.0.0.1:11574 to /127.0.0.1:11575" [_thread_in_native, id=18476, stack(0x0000000019200000,0x0000000019300000)]
  0x0000000017746800 JavaThread "Daemon" [_thread_blocked, id=11416, stack(0x0000000019100000,0x0000000019200000)]
  0x00000000176c5800 JavaThread "Daemon periodic checks" [_thread_blocked, id=9628, stack(0x0000000017e30000,0x0000000017f30000)]
  0x00000000176bd800 JavaThread "Incoming local TCP Connector on port 11574" [_thread_in_native, id=17492, stack(0x0000000017c50000,0x0000000017d50000)]
  0x00000000175cb800 JavaThread "Daemon health stats" [_thread_blocked, id=13956, stack(0x0000000017950000,0x0000000017a50000)]
  0x00000000154e9800 JavaThread "Service Thread" daemon [_thread_blocked, id=14636, stack(0x0000000015d80000,0x0000000015e80000)]
  0x00000000154e3800 JavaThread "C1 CompilerThread2" daemon [_thread_blocked, id=6064, stack(0x0000000015c80000,0x0000000015d80000)]
  0x0000000015494000 JavaThread "C2 CompilerThread1" daemon [_thread_blocked, id=28784, stack(0x0000000015b80000,0x0000000015c80000)]
=>0x00000000140d6800 JavaThread "C2 CompilerThread0" daemon [_thread_in_native, id=13248, stack(0x0000000015a80000,0x0000000015b80000)]
  0x000000001408e800 JavaThread "Attach Listener" daemon [_thread_blocked, id=19328, stack(0x0000000015980000,0x0000000015a80000)]
  0x000000001408d800 JavaThread "Signal Dispatcher" daemon [_thread_blocked, id=9324, stack(0x0000000015880000,0x0000000015980000)]
  0x0000000002c56000 JavaThread "Finalizer" daemon [_thread_blocked, id=29896, stack(0x00000000152f0000,0x00000000153f0000)]
  0x0000000014069800 JavaThread "Reference Handler" daemon [_thread_blocked, id=12760, stack(0x00000000151f0000,0x00000000152f0000)]
  0x0000000002b62800 JavaThread "main" [_thread_blocked, id=8544, stack(0x0000000002960000,0x0000000002a60000)]

Other Threads:
  0x0000000014048000 VMThread [stack: 0x00000000150f0000,0x00000000151f0000] [id=22536]
  0x00000000154eb000 WatcherThread [stack: 0x0000000015e80000,0x0000000015f80000] [id=22944]

VM state:not at safepoint (normal execution)

VM Mutex/Monitor currently owned by a thread: None

heap address: 0x00000000e0000000, size: 512 MB, Compressed Oops mode: 32-bit
Narrow klass base: 0x0000000000000000, Narrow klass shift: 3
Compressed class space size: 1073741824 Address: 0x0000000100000000

Heap:
 PSYoungGen      total 155648K, used 19022K [0x00000000f5580000, 0x00000000ff980000, 0x0000000100000000)
  eden space 143360K, 13% used [0x00000000f5580000,0x00000000f6813a30,0x00000000fe180000)
  from space 12288K, 0% used [0x00000000fe180000,0x00000000fe180000,0x00000000fed80000)
  to   space 10240K, 0% used [0x00000000fef80000,0x00000000fef80000,0x00000000ff980000)
 ParOldGen       total 175104K, used 23468K [0x00000000e0000000, 0x00000000eab00000, 0x00000000f5580000)
  object space 175104K, 13% used [0x00000000e0000000,0x00000000e16eb340,0x00000000eab00000)
 Metaspace       used 44784K, capacity 46746K, committed 46848K, reserved 1091584K
  class space    used 6196K, capacity 6648K, committed 6656K, reserved 1048576K

Card table byte_map: [0x0000000012020000,0x0000000012130000] byte_map_base: 0x0000000011920000

Marking Bits: (ParMarkBitMap*) 0x0000000071063420
 Begin Bits: [0x00000000125e0000, 0x0000000012de0000)
 End Bits:   [0x0000000012de0000, 0x00000000135e0000)

Polling page: 0x0000000000d90000

CodeCache: size=245760Kb used=13361Kb max_used=13361Kb free=232399Kb
 bounds [0x0000000002c60000, 0x0000000003980000, 0x0000000011c60000]
 total_blobs=4683 nmethods=3929 adapters=666
 compilation: enabled

Compilation events (10 events):
Event: 16.969 Thread 0x00000000154e3800 4248       3       com.google.common.collect.ImmutableList$Builder::<init> (6 bytes)
Event: 16.969 Thread 0x00000000154e3800 nmethod 4248 0x0000000003970090 code [0x0000000003970220, 0x00000000039705e8]
Event: 16.969 Thread 0x0000000015494000 nmethod 4243 0x0000000003974910 code [0x0000000003974aa0, 0x0000000003974df8]
Event: 16.969 Thread 0x0000000015494000 4245       4       java.util.LinkedHashMap::afterNodeInsertion (40 bytes)
Event: 16.970 Thread 0x00000000154e3800 4249       3       org.gradle.internal.instantiation.generator.AsmBackedClassGenerator$ObjectCreationDetails::<init> (26 bytes)
Event: 16.970 Thread 0x00000000154e3800 nmethod 4249 0x000000000396fc50 code [0x000000000396fda0, 0x000000000396ffb0]
Event: 16.970 Thread 0x0000000015494000 nmethod 4245 0x000000000396f950 code [0x000000000396faa0, 0x000000000396fb58]
Event: 16.970 Thread 0x00000000154e3800 4250       3       org.gradle.internal.instantiation.generator.DependencyInjectingInstantiator::convertParameters (126 bytes)
Event: 16.971 Thread 0x00000000154e3800 nmethod 4250 0x0000000003975250 code [0x00000000039755c0, 0x00000000039771e8]
Event: 16.971 Thread 0x00000000154e3800 4251   !   3       org.gradle.internal.instantiation.generator.AsmBackedClassGenerator$InvokeConstructorStrategy::newInstance (66 bytes)

GC Heap History (10 events):
Event: 14.143 GC heap before
{Heap before GC invocations=8 (full 1):
 PSYoungGen      total 98816K, used 41897K [0x00000000f5580000, 0x00000000fc380000, 0x0000000100000000)
  eden space 88064K, 36% used [0x00000000f5580000,0x00000000f7486cc8,0x00000000fab80000)
  from space 10752K, 94% used [0x00000000fb900000,0x00000000fc2e3838,0x00000000fc380000)
  to   space 12288K, 0% used [0x00000000fab80000,0x00000000fab80000,0x00000000fb780000)
 ParOldGen       total 175104K, used 8621K [0x00000000e0000000, 0x00000000eab00000, 0x00000000f5580000)
  object space 175104K, 4% used [0x00000000e0000000,0x00000000e086b400,0x00000000eab00000)
 Metaspace       used 34226K, capacity 35438K, committed 35496K, reserved 1079296K
  class space    used 4784K, capacity 5077K, committed 5120K, reserved 1048576K
Event: 14.173 GC heap after
Heap after GC invocations=8 (full 1):
 PSYoungGen      total 100352K, used 9552K [0x00000000f5580000, 0x00000000ffb80000, 0x0000000100000000)
  eden space 88064K, 0% used [0x00000000f5580000,0x00000000f5580000,0x00000000fab80000)
  from space 12288K, 77% used [0x00000000fab80000,0x00000000fb4d42d0,0x00000000fb780000)
  to   space 12288K, 0% used [0x00000000fef80000,0x00000000fef80000,0x00000000ffb80000)
 ParOldGen       total 175104K, used 8629K [0x00000000e0000000, 0x00000000eab00000, 0x00000000f5580000)
  object space 175104K, 4% used [0x00000000e0000000,0x00000000e086d400,0x00000000eab00000)
 Metaspace       used 34226K, capacity 35438K, committed 35496K, reserved 1079296K
  class space    used 4784K, capacity 5077K, committed 5120K, reserved 1048576K
}
Event: 14.173 GC heap before
{Heap before GC invocations=9 (full 2):
 PSYoungGen      total 100352K, used 9552K [0x00000000f5580000, 0x00000000ffb80000, 0x0000000100000000)
  eden space 88064K, 0% used [0x00000000f5580000,0x00000000f5580000,0x00000000fab80000)
  from space 12288K, 77% used [0x00000000fab80000,0x00000000fb4d42d0,0x00000000fb780000)
  to   space 12288K, 0% used [0x00000000fef80000,0x00000000fef80000,0x00000000ffb80000)
 ParOldGen       total 175104K, used 8629K [0x00000000e0000000, 0x00000000eab00000, 0x00000000f5580000)
  object space 175104K, 4% used [0x00000000e0000000,0x00000000e086d400,0x00000000eab00000)
 Metaspace       used 34226K, capacity 35438K, committed 35496K, reserved 1079296K
  class space    used 4784K, capacity 5077K, committed 5120K, reserved 1048576K
Event: 14.262 GC heap after
Heap after GC invocations=9 (full 2):
 PSYoungGen      total 100352K, used 0K [0x00000000f5580000, 0x00000000ffb80000, 0x0000000100000000)
  eden space 88064K, 0% used [0x00000000f5580000,0x00000000f5580000,0x00000000fab80000)
  from space 12288K, 0% used [0x00000000fab80000,0x00000000fab80000,0x00000000fb780000)
  to   space 12288K, 0% used [0x00000000fef80000,0x00000000fef80000,0x00000000ffb80000)
 ParOldGen       total 175104K, used 16550K [0x00000000e0000000, 0x00000000eab00000, 0x00000000f5580000)
  object space 175104K, 9% used [0x00000000e0000000,0x00000000e1029a80,0x00000000eab00000)
 Metaspace       used 34226K, capacity 35438K, committed 35496K, reserved 1079296K
  class space    used 4784K, capacity 5077K, committed 5120K, reserved 1048576K
}
Event: 15.437 GC heap before
{Heap before GC invocations=10 (full 2):
 PSYoungGen      total 100352K, used 88064K [0x00000000f5580000, 0x00000000ffb80000, 0x0000000100000000)
  eden space 88064K, 100% used [0x00000000f5580000,0x00000000fab80000,0x00000000fab80000)
  from space 12288K, 0% used [0x00000000fab80000,0x00000000fab80000,0x00000000fb780000)
  to   space 12288K, 0% used [0x00000000fef80000,0x00000000fef80000,0x00000000ffb80000)
 ParOldGen       total 175104K, used 16550K [0x00000000e0000000, 0x00000000eab00000, 0x00000000f5580000)
  object space 175104K, 9% used [0x00000000e0000000,0x00000000e1029a80,0x00000000eab00000)
 Metaspace       used 37705K, capacity 39262K, committed 39552K, reserved 1083392K
  class space    used 5283K, capacity 5635K, committed 5760K, reserved 1048576K
Event: 15.452 GC heap after
Heap after GC invocations=10 (full 2):
 PSYoungGen      total 153600K, used 5467K [0x00000000f5580000, 0x00000000ff980000, 0x0000000100000000)
  eden space 143360K, 0% used [0x00000000f5580000,0x00000000f5580000,0x00000000fe180000)
  from space 10240K, 53% used [0x00000000fef80000,0x00000000ff4d6f68,0x00000000ff980000)
  to   space 12288K, 0% used [0x00000000fe180000,0x00000000fe180000,0x00000000fed80000)
 ParOldGen       total 175104K, used 16558K [0x00000000e0000000, 0x00000000eab00000, 0x00000000f5580000)
  object space 175104K, 9% used [0x00000000e0000000,0x00000000e102ba80,0x00000000eab00000)
 Metaspace       used 37705K, capacity 39262K, committed 39552K, reserved 1083392K
  class space    used 5283K, capacity 5635K, committed 5760K, reserved 1048576K
}
Event: 16.470 GC heap before
{Heap before GC invocations=11 (full 2):
 PSYoungGen      total 153600K, used 72979K [0x00000000f5580000, 0x00000000ff980000, 0x0000000100000000)
  eden space 143360K, 47% used [0x00000000f5580000,0x00000000f976dfa8,0x00000000fe180000)
  from space 10240K, 53% used [0x00000000fef80000,0x00000000ff4d6f68,0x00000000ff980000)
  to   space 12288K, 0% used [0x00000000fe180000,0x00000000fe180000,0x00000000fed80000)
 ParOldGen       total 175104K, used 16558K [0x00000000e0000000, 0x00000000eab00000, 0x00000000f5580000)
  object space 175104K, 9% used [0x00000000e0000000,0x00000000e102ba80,0x00000000eab00000)
 Metaspace       used 42335K, capacity 44130K, committed 44288K, reserved 1091584K
  class space    used 5880K, capacity 6304K, committed 6400K, reserved 1048576K
Event: 16.485 GC heap after
Heap after GC invocations=11 (full 2):
 PSYoungGen      total 155648K, used 8473K [0x00000000f5580000, 0x00000000ff980000, 0x0000000100000000)
  eden space 143360K, 0% used [0x00000000f5580000,0x00000000f5580000,0x00000000fe180000)
  from space 12288K, 68% used [0x00000000fe180000,0x00000000fe9c6588,0x00000000fed80000)
  to   space 10240K, 0% used [0x00000000fef80000,0x00000000fef80000,0x00000000ff980000)
 ParOldGen       total 175104K, used 16566K [0x00000000e0000000, 0x00000000eab00000, 0x00000000f5580000)
  object space 175104K, 9% used [0x00000000e0000000,0x00000000e102da80,0x00000000eab00000)
 Metaspace       used 42335K, capacity 44130K, committed 44288K, reserved 1091584K
  class space    used 5880K, capacity 6304K, committed 6400K, reserved 1048576K
}
Event: 16.485 GC heap before
{Heap before GC invocations=12 (full 3):
 PSYoungGen      total 155648K, used 8473K [0x00000000f5580000, 0x00000000ff980000, 0x0000000100000000)
  eden space 143360K, 0% used [0x00000000f5580000,0x00000000f5580000,0x00000000fe180000)
  from space 12288K, 68% used [0x00000000fe180000,0x00000000fe9c6588,0x00000000fed80000)
  to   space 10240K, 0% used [0x00000000fef80000,0x00000000fef80000,0x00000000ff980000)
 ParOldGen       total 175104K, used 16566K [0x00000000e0000000, 0x00000000eab00000, 0x00000000f5580000)
  object space 175104K, 9% used [0x00000000e0000000,0x00000000e102da80,0x00000000eab00000)
 Metaspace       used 42335K, capacity 44130K, committed 44288K, reserved 1091584K
  class space    used 5880K, capacity 6304K, committed 6400K, reserved 1048576K
Event: 16.673 GC heap after
Heap after GC invocations=12 (full 3):
 PSYoungGen      total 155648K, used 0K [0x00000000f5580000, 0x00000000ff980000, 0x0000000100000000)
  eden space 143360K, 0% used [0x00000000f5580000,0x00000000f5580000,0x00000000fe180000)
  from space 12288K, 0% used [0x00000000fe180000,0x00000000fe180000,0x00000000fed80000)
  to   space 10240K, 0% used [0x00000000fef80000,0x00000000fef80000,0x00000000ff980000)
 ParOldGen       total 175104K, used 23468K [0x00000000e0000000, 0x00000000eab00000, 0x00000000f5580000)
  object space 175104K, 13% used [0x00000000e0000000,0x00000000e16eb340,0x00000000eab00000)
 Metaspace       used 42335K, capacity 44130K, committed 44288K, reserved 1089536K
  class space    used 5880K, capacity 6304K, committed 6400K, reserved 1048576K
}

Deoptimization events (10 events):
Event: 15.648 Thread 0x000000001774b800 Uncommon trap: reason=unstable_if action=reinterpret pc=0x000000000300152c method=java.util.jar.JarFile.match([C[B[I[I)Z @ 29
Event: 15.925 Thread 0x000000001774b800 Uncommon trap: reason=unstable_if action=reinterpret pc=0x0000000002f5e208 method=java.util.jar.Manifest$FastInputStream.readLine([BII)I @ 87
Event: 15.925 Thread 0x000000001774b800 Uncommon trap: reason=bimorphic action=maybe_recompile pc=0x00000000035ee504 method=java.lang.ClassLoader.getPackage(Ljava/lang/String;)Ljava/lang/Package; @ 47
Event: 15.925 Thread 0x000000001774b800 Uncommon trap: reason=bimorphic action=maybe_recompile pc=0x00000000035ee504 method=java.lang.ClassLoader.getPackage(Ljava/lang/String;)Ljava/lang/Package; @ 47
Event: 15.925 Thread 0x000000001774b800 Uncommon trap: reason=bimorphic action=maybe_recompile pc=0x00000000035ee504 method=java.lang.ClassLoader.getPackage(Ljava/lang/String;)Ljava/lang/Package; @ 47
Event: 15.925 Thread 0x000000001774b800 Uncommon trap: reason=bimorphic action=maybe_recompile pc=0x00000000035ee504 method=java.lang.ClassLoader.getPackage(Ljava/lang/String;)Ljava/lang/Package; @ 47
Event: 16.437 Thread 0x000000001774b800 Uncommon trap: reason=unstable_if action=reinterpret pc=0x00000000035c720c method=org.objectweb.asm.ByteVector.putUTF8(Ljava/lang/String;)Lorg/objectweb/asm/ByteVector; @ 93
Event: 16.446 Thread 0x000000001774b800 Uncommon trap: reason=unstable_if action=reinterpret pc=0x000000000335c1d0 method=org.objectweb.asm.ByteVector.putUTF8(Ljava/lang/String;)Lorg/objectweb/asm/ByteVector; @ 93
Event: 16.705 Thread 0x000000001774b800 Uncommon trap: reason=predicate action=maybe_recompile pc=0x000000000357bf50 method=java.util.Arrays.binarySearch0([Ljava/lang/Object;IILjava/lang/Object;Ljava/util/Comparator;)I @ 28
Event: 16.740 Thread 0x000000001774b800 Uncommon trap: reason=predicate action=maybe_recompile pc=0x000000000394ef34 method=java.util.AbstractCollection.toArray([Ljava/lang/Object;)[Ljava/lang/Object; @ 49

Classes redefined (0 events):
No events

Internal exceptions (10 events):
Event: 15.818 Thread 0x000000001774b800 Exception <a 'java/lang/ClassNotFoundException': org/gradle/api/internal/artifacts/repositories/AbstractResolutionAwareArtifactRepositoryBeanInfo> (0x00000000f6e88430) thrown at [C:\cygwin64\tmp\build\source\java-1.8.0-openjdk\tmp\jdk8u\hotspot\src\share\
Event: 15.819 Thread 0x000000001774b800 Exception <a 'java/lang/ClassNotFoundException': org/gradle/api/internal/artifacts/repositories/AbstractArtifactRepositoryBeanInfo> (0x00000000f6ef49d8) thrown at [C:\cygwin64\tmp\build\source\java-1.8.0-openjdk\tmp\jdk8u\hotspot\src\share\vm\classfile\sy
Event: 15.827 Thread 0x000000001774b800 Exception <a 'java/lang/ClassNotFoundException': org/gradle/api/internal/artifacts/repositories/AbstractArtifactRepositoryCustomizer> (0x00000000f6f64a00) thrown at [C:\cygwin64\tmp\build\source\java-1.8.0-openjdk\tmp\jdk8u\hotspot\src\share\vm\classfile\
Event: 15.837 Thread 0x000000001774b800 Exception <a 'java/lang/ClassNotFoundException': org/gradle/api/internal/artifacts/repositories/AbstractResolutionAwareArtifactRepositoryCustomizer> (0x00000000f7002958) thrown at [C:\cygwin64\tmp\build\source\java-1.8.0-openjdk\tmp\jdk8u\hotspot\src\shar
Event: 15.838 Thread 0x000000001774b800 Exception <a 'java/lang/ClassNotFoundException': org/gradle/api/internal/artifacts/repositories/AbstractAuthenticationSupportedRepositoryCustomizer> (0x00000000f70877b8) thrown at [C:\cygwin64\tmp\build\source\java-1.8.0-openjdk\tmp\jdk8u\hotspot\src\shar
Event: 15.840 Thread 0x000000001774b800 Exception <a 'java/lang/ClassNotFoundException': org/gradle/api/internal/artifacts/repositories/DefaultMavenArtifactRepositoryCustomizer> (0x00000000f712fff8) thrown at [C:\cygwin64\tmp\build\source\java-1.8.0-openjdk\tmp\jdk8u\hotspot\src\share\vm\classf
Event: 15.841 Thread 0x000000001774b800 Exception <a 'java/lang/ClassNotFoundException': org/gradle/api/internal/artifacts/repositories/DefaultMavenArtifactRepository_DecoratedCustomizer> (0x00000000f71cb770) thrown at [C:\cygwin64\tmp\build\source\java-1.8.0-openjdk\tmp\jdk8u\hotspot\src\share
Event: 15.921 Thread 0x000000001774b800 Exception <a 'java/lang/ClassNotFoundException': build_12v6011j1jldtulrdzq2kdv55BeanInfo> (0x00000000f73fdf88) thrown at [C:\cygwin64\tmp\build\source\java-1.8.0-openjdk\tmp\jdk8u\hotspot\src\share\vm\classfile\systemDictionary.cpp, line 217]
Event: 15.921 Thread 0x000000001774b800 Exception <a 'java/lang/ClassNotFoundException': build_12v6011j1jldtulrdzq2kdv55Customizer> (0x00000000f740a798) thrown at [C:\cygwin64\tmp\build\source\java-1.8.0-openjdk\tmp\jdk8u\hotspot\src\share\vm\classfile\systemDictionary.cpp, line 217]
Event: 16.278 Thread 0x000000001774b800 Exception <a 'sun/nio/fs/WindowsException'> (0x00000000f8b0ed60) thrown at [C:\cygwin64\tmp\build\source\java-1.8.0-openjdk\tmp\jdk8u\hotspot\src\share\vm\prims\jni.cpp, line 711]

Events (10 events):
Event: 16.970 loading class org/gradle/api/tasks/bundling/AbstractArchiveTask
Event: 16.970 loading class org/gradle/api/tasks/bundling/AbstractArchiveTask done
Event: 16.970 loading class org/gradle/api/plugins/BasePluginConvention
Event: 16.970 loading class org/gradle/api/plugins/BasePluginConvention done
Event: 16.970 loading class org/gradle/api/artifacts/Configuration
Event: 16.970 loading class org/gradle/api/artifacts/Configuration done
Event: 16.970 loading class com/android/build/gradle/internal/DependencyResolutionChecks$registerDependencyCheck$2$1
Event: 16.970 loading class com/android/build/gradle/internal/DependencyResolutionChecks$registerDependencyCheck$2$1 done
Event: 16.971 loading class org/gradle/api/artifacts/ResolvableDependencies
Event: 16.971 loading class org/gradle/api/artifacts/ResolvableDependencies done


Dynamic libraries:
0x00007ff6405a0000 - 0x00007ff6405d5000 	C:\Program Files\OpenJDK\openjdk-8u282-b08\bin\java.exe
0x00007ff834e30000 - 0x00007ff835025000 	C:\WINDOWS\SYSTEM32\ntdll.dll
0x00007ff834600000 - 0x00007ff8346bd000 	C:\WINDOWS\System32\KERNEL32.DLL
0x00007ff832770000 - 0x00007ff832a38000 	C:\WINDOWS\System32\KERNELBASE.dll
0x00007ff833020000 - 0x00007ff8330cc000 	C:\WINDOWS\System32\ADVAPI32.dll
0x00007ff8330d0000 - 0x00007ff83316e000 	C:\WINDOWS\System32\msvcrt.dll
0x00007ff834560000 - 0x00007ff8345fb000 	C:\WINDOWS\System32\sechost.dll
0x00007ff833170000 - 0x00007ff83329b000 	C:\WINDOWS\System32\RPCRT4.dll
0x00007ff834a00000 - 0x00007ff834ba0000 	C:\WINDOWS\System32\USER32.dll
0x00007ff832d50000 - 0x00007ff832d72000 	C:\WINDOWS\System32\win32u.dll
0x00007ff832f10000 - 0x00007ff832f3a000 	C:\WINDOWS\System32\GDI32.dll
0x00007ff832d80000 - 0x00007ff832e8b000 	C:\WINDOWS\System32\gdi32full.dll
0x00007ff832cb0000 - 0x00007ff832d4d000 	C:\WINDOWS\System32\msvcp_win.dll
0x00007ff832620000 - 0x00007ff832720000 	C:\WINDOWS\System32\ucrtbase.dll
0x00007ff8257c0000 - 0x00007ff825a5a000 	C:\WINDOWS\WinSxS\amd64_microsoft.windows.common-controls_6595b64144ccf1df_6.0.19041.844_none_ca00b6081b84eb1d\COMCTL32.dll
0x00007ff834ba0000 - 0x00007ff834bd0000 	C:\WINDOWS\System32\IMM32.DLL
0x0000000071850000 - 0x0000000071922000 	C:\Program Files\OpenJDK\openjdk-8u282-b08\jre\bin\msvcr100.dll
0x0000000070850000 - 0x00000000710e5000 	C:\Program Files\OpenJDK\openjdk-8u282-b08\jre\bin\server\jvm.dll
0x00007ff833350000 - 0x00007ff833358000 	C:\WINDOWS\System32\PSAPI.DLL
0x00007ff824520000 - 0x00007ff824529000 	C:\WINDOWS\SYSTEM32\WSOCK32.dll
0x00007ff834bd0000 - 0x00007ff834c3b000 	C:\WINDOWS\System32\WS2_32.dll
0x00007ff8256a0000 - 0x00007ff8256c7000 	C:\WINDOWS\SYSTEM32\WINMM.dll
0x00007ff82cbc0000 - 0x00007ff82cbca000 	C:\WINDOWS\SYSTEM32\VERSION.dll
0x00007ff81d140000 - 0x00007ff81d14f000 	C:\Program Files\OpenJDK\openjdk-8u282-b08\jre\bin\verify.dll
0x00007ff811800000 - 0x00007ff811829000 	C:\Program Files\OpenJDK\openjdk-8u282-b08\jre\bin\java.dll
0x00007ff8195d0000 - 0x00007ff8195e6000 	C:\Program Files\OpenJDK\openjdk-8u282-b08\jre\bin\zip.dll
0x00007ff833a10000 - 0x00007ff834152000 	C:\WINDOWS\System32\SHELL32.dll
0x00007ff8306d0000 - 0x00007ff830e61000 	C:\WINDOWS\SYSTEM32\windows.storage.dll
0x00007ff834160000 - 0x00007ff8344b5000 	C:\WINDOWS\System32\combase.dll
0x00007ff831fe0000 - 0x00007ff83200c000 	C:\WINDOWS\SYSTEM32\Wldp.dll
0x00007ff833960000 - 0x00007ff833a0e000 	C:\WINDOWS\System32\SHCORE.dll
0x00007ff834850000 - 0x00007ff8348a5000 	C:\WINDOWS\System32\shlwapi.dll
0x00007ff8324b0000 - 0x00007ff8324cf000 	C:\WINDOWS\SYSTEM32\profapi.dll
0x00007ff812950000 - 0x00007ff81296b000 	C:\Program Files\OpenJDK\openjdk-8u282-b08\jre\bin\net.dll
0x00007ff831d50000 - 0x00007ff831dba000 	C:\WINDOWS\system32\mswsock.dll
0x00007ff811c10000 - 0x00007ff811c22000 	C:\Program Files\OpenJDK\openjdk-8u282-b08\jre\bin\nio.dll
0x00007ff811050000 - 0x00007ff811076000 	C:\Users\U Seok\.gradle\native\fdc75f09e3144964f2cf3f50f0aa648679c211496f362492102eb8c894070792\windows-amd64\native-platform.dll
0x00007ffff81e0000 - 0x00007ffff8371000 	C:\Users\U Seok\.gradle\native\12488b8bf47d2d4c9fbf2f6322a914ad602e24e48041cd04a747c6da556b65c4\windows-amd64\native-platform-file-events.dll
0x00007ff81b6c0000 - 0x00007ff81b6cd000 	C:\Program Files\OpenJDK\openjdk-8u282-b08\jre\bin\management.dll
0x00007ff831f20000 - 0x00007ff831f38000 	C:\WINDOWS\SYSTEM32\CRYPTSP.dll
0x00007ff831620000 - 0x00007ff831654000 	C:\WINDOWS\system32\rsaenh.dll
0x00007ff832c80000 - 0x00007ff832ca7000 	C:\WINDOWS\System32\bcrypt.dll
0x00007ff832470000 - 0x00007ff83249e000 	C:\WINDOWS\SYSTEM32\USERENV.dll
0x00007ff832c00000 - 0x00007ff832c80000 	C:\WINDOWS\System32\bcryptprimitives.dll
0x00007ff831f40000 - 0x00007ff831f4c000 	C:\WINDOWS\SYSTEM32\CRYPTBASE.dll
0x00007ff8319f0000 - 0x00007ff831a2b000 	C:\WINDOWS\SYSTEM32\IPHLPAPI.DLL
0x00007ff8337d0000 - 0x00007ff8337d8000 	C:\WINDOWS\System32\NSI.dll
0x00007ff82bd70000 - 0x00007ff82bd87000 	C:\WINDOWS\SYSTEM32\dhcpcsvc6.DLL
0x00007ff82cca0000 - 0x00007ff82ccbd000 	C:\WINDOWS\SYSTEM32\dhcpcsvc.DLL
0x00007ff831a30000 - 0x00007ff831afc000 	C:\WINDOWS\SYSTEM32\DNSAPI.dll
0x00007ff82d300000 - 0x00007ff82d30b000 	C:\WINDOWS\SYSTEM32\WINNSI.DLL

VM Arguments:
jvm_args: -XX:MaxMetaspaceSize=256m -XX:+HeapDumpOnOutOfMemoryError -Xms256m -Xmx512m -Dfile.encoding=UTF-8 -Duser.country=KR -Duser.language=ko -Duser.variant 
java_command: org.gradle.launcher.daemon.bootstrap.GradleDaemon 6.7
java_class_path (initial): C:\Users\U Seok\.gradle\wrapper\dists\gradle-6.7-all\cuy9mc7upwgwgeb72wkcrupxe\gradle-6.7\lib\gradle-launcher-6.7.jar
Launcher Type: SUN_STANDARD

Environment Variables:
JAVA_HOME=C:\Program Files\OpenJDK\openjdk-8u282-b08
CLASSPATH=C:\Users\U Seok\localsharing\localsharing\android\\gradle\wrapper\gradle-wrapper.jar
PATH=C:\Users\U Seok\localsharing\localsharing\android\node_modules\.bin;C:\Users\U Seok\localsharing\localsharing\node_modules\.bin;C:\Users\U Seok\localsharing\node_modules\.bin;C:\Users\U Seok\node_modules\.bin;C:\Users\node_modules\.bin;C:\node_modules\.bin;C:\Program Files\nodejs;C:\Program Files\Git\mingw64\bin;C:\Program Files\Git\usr\bin;C:\Users\U Seok\bin;C:\oraclexe\app\oracle\product\11.2.0\server\bin;C:\Program Files (x86)\Common Files\Oracle\Java\javapath;C:\WINDOWS\system32;C:\WINDOWS;C:\WINDOWS\System32\Wbem;C:\WINDOWS\System32\WindowsPowerShell\v1.0;C:\WINDOWS\System32\OpenSSH;C:\Program Files\NVIDIA Corporation\NVIDIA NvDLISR;C:\Program Files (x86)\NVIDIA Corporation\PhysX\Common;C:\Users\U Seok\AppData\Local\Programs\Python\Python37;C:\Users\U Seok\AppData\Local\Programs\Python\Python37\Scripts;C:\Program Files (x86)\mingw-w64\i686-8.1.0-posix-dwarf-rt_v6-rev0\mingw32\bin;C:\Program Files\Git\cmd;C:\Users\U Seok\anaconda3;C:\Users\U Seok\anaconda3\Scripts;C:\Users\U Seok\anaconda3\Library\bin;C:\Program Files (x86)\Windows Kits\8.1\Windows Performance Toolkit;C:\WINDOWS\system32;C:\WINDOWS;C:\WINDOWS\System32\Wbem;C:\WINDOWS\System32\WindowsPowerShell\v1.0;C:\WINDOWS\System32\OpenSSH;C:\Program Files\Tesseract-OCR;C:\ProgramData\chocolatey\bin;C:\Program Files\Java\jdk1.8.0_211\bin;C:\Program Files\nodejs;C:\Program Files\OpenJDK\openjdk-8u282-b08\bin;C:\Program Files\MySQL\MySQL Shell 8.0\bin;C:\Users\U Seok\AppData\Local\Microsoft\WindowsApps;C:\Program Files\Bandizip;C:\Users\U Seok\AppData\Local\GitHubDesktop\bin;C:\Users\U Seok\AppData\Local\Microsoft\WindowsApps;C:\Users\U Seok\AppData\Local\Programs\Microsoft VS Code\bin;C:\Users\U Seok\AppData\Local\Android\Sdk\platform-tools;C:\Users\U Seok\AppData\Roaming\npm
USERNAME=U Seok
OS=Windows_NT
PROCESSOR_IDENTIFIER=Intel64 Family 6 Model 94 Stepping 3, GenuineIntel



---------------  S Y S T E M  ---------------

OS: Windows 10.0 , 64 bit Build 19041 (10.0.19041.928)

CPU:total 4 (initial active 4) (4 cores per cpu, 1 threads per core) family 6 model 94 stepping 3, cmov, cx8, fxsr, mmx, sse, sse2, sse3, ssse3, sse4.1, sse4.2, popcnt, avx, avx2, aes, clmul, erms, rtm, 3dnowpref, lzcnt, tsc, tscinvbit, bmi1, bmi2, adx

Memory: 4k page, physical 25091208k(4814112k free), swap 25091208k(5132k free)

vm_info: OpenJDK 64-Bit Server VM (25.282-b08) for windows-amd64 JRE (1.8.0_282-b08), built on Jan 11 2021 12:17:07 by "build" with MS VC++ 10.0 (VS2010)

time: Mon Apr 26 15:59:46 2021
timezone: 대한민국 표준시
elapsed time: 16.997380 seconds (0d 0h 0m 16s)

